2021-12-21 11:51:01.731 INFO  [main] com.Important.WebApplication : Starting WebApplication on LAPTOP-VJMOVH20 with PID 620 (D:\ImportantProject\target\classes started by 你就是下一个大佬 in D:\ImportantProject)
2021-12-21 11:51:01.732 INFO  [main] com.Important.WebApplication : The following profiles are active: dev
2021-12-21 11:51:02.254 WARN  [main] org.mybatis.spring.mapper.ClassPathMapperScanner : No MyBatis mapper was found in '[com.Important]' package. Please check your configuration.
2021-12-21 11:51:02.308 WARN  [main] org.mybatis.spring.mapper.ClassPathMapperScanner : No MyBatis mapper was found in '[com.Important.mapper]' package. Please check your configuration.
2021-12-21 11:51:02.434 INFO  [main] o.s.c.s.PostProcessorRegistrationDelegate$BeanPostProcessorChecker : Bean 'org.springframework.transaction.annotation.ProxyTransactionManagementConfiguration' of type [org.springframework.transaction.annotation.ProxyTransactionManagementConfiguration$$EnhancerBySpringCGLIB$$5828a83e] is not eligible for getting processed by all BeanPostProcessors (for example: not eligible for auto-proxying)
2021-12-21 11:51:02.627 INFO  [main] o.s.boot.web.embedded.tomcat.TomcatWebServer : Tomcat initialized with port(s): 8090 (http)
2021-12-21 11:51:02.636 INFO  [main] org.apache.coyote.http11.Http11NioProtocol : Initializing ProtocolHandler ["http-nio-8090"]
2021-12-21 11:51:02.641 INFO  [main] org.apache.catalina.core.StandardService : Starting service [Tomcat]
2021-12-21 11:51:02.641 INFO  [main] org.apache.catalina.core.StandardEngine : Starting Servlet engine: [Apache Tomcat/9.0.16]
2021-12-21 11:51:02.646 INFO  [main] org.apache.catalina.core.AprLifecycleListener : Loaded APR based Apache Tomcat Native library [1.2.25] using APR version [1.7.0].
2021-12-21 11:51:02.647 INFO  [main] org.apache.catalina.core.AprLifecycleListener : APR capabilities: IPv6 [true], sendfile [true], accept filters [false], random [true].
2021-12-21 11:51:02.647 INFO  [main] org.apache.catalina.core.AprLifecycleListener : APR/OpenSSL configuration: useAprConnector [false], useOpenSSL [true]
2021-12-21 11:51:02.649 INFO  [main] org.apache.catalina.core.AprLifecycleListener : OpenSSL successfully initialized [OpenSSL 1.1.1g  21 Apr 2020]
2021-12-21 11:51:02.730 INFO  [main] o.a.c.core.ContainerBase.[Tomcat].[localhost].[/] : Initializing Spring embedded WebApplicationContext
2021-12-21 11:51:02.730 INFO  [main] org.springframework.web.context.ContextLoader : Root WebApplicationContext: initialization completed in 939 ms
2021-12-21 11:51:02.984 INFO  [main] s.d.s.w.PropertySourcedRequestMappingHandlerMapping : Mapped URL path [/v2/api-docs] onto method [public org.springframework.http.ResponseEntity<springfox.documentation.spring.web.json.Json> springfox.documentation.swagger2.web.Swagger2Controller.getDocumentation(java.lang.String,javax.servlet.http.HttpServletRequest)]
2021-12-21 11:51:03.112 INFO  [main] o.s.scheduling.concurrent.ThreadPoolTaskExecutor : Initializing ExecutorService 'applicationTaskExecutor'
2021-12-21 11:51:03.607 INFO  [main] s.d.s.web.plugins.DocumentationPluginsBootstrapper : Context refreshed
2021-12-21 11:51:03.618 INFO  [main] s.d.s.web.plugins.DocumentationPluginsBootstrapper : Found 1 custom documentation plugin(s)
2021-12-21 11:51:03.640 INFO  [main] s.d.spring.web.scanners.ApiListingReferenceScanner : Scanning for api listing references
2021-12-21 11:51:03.688 INFO  [main] org.apache.coyote.http11.Http11NioProtocol : Starting ProtocolHandler ["http-nio-8090"]
2021-12-21 11:51:03.704 INFO  [main] o.s.boot.web.embedded.tomcat.TomcatWebServer : Tomcat started on port(s): 8090 (http) with context path ''
2021-12-21 11:51:03.706 INFO  [main] com.Important.WebApplication : Started WebApplication in 2.353 seconds (JVM running for 2.998)
2021-12-21 11:51:15.414 INFO  [main] com.Important.WebApplication : Starting WebApplication on LAPTOP-VJMOVH20 with PID 3012 (D:\ImportantProject\target\classes started by 你就是下一个大佬 in D:\ImportantProject)
2021-12-21 11:51:15.417 INFO  [main] com.Important.WebApplication : The following profiles are active: dev
2021-12-21 11:51:15.906 WARN  [main] org.mybatis.spring.mapper.ClassPathMapperScanner : No MyBatis mapper was found in '[com.Important]' package. Please check your configuration.
2021-12-21 11:51:15.960 WARN  [main] org.mybatis.spring.mapper.ClassPathMapperScanner : No MyBatis mapper was found in '[com.Important.mapper]' package. Please check your configuration.
2021-12-21 11:51:16.084 INFO  [main] o.s.c.s.PostProcessorRegistrationDelegate$BeanPostProcessorChecker : Bean 'org.springframework.transaction.annotation.ProxyTransactionManagementConfiguration' of type [org.springframework.transaction.annotation.ProxyTransactionManagementConfiguration$$EnhancerBySpringCGLIB$$cb5f0402] is not eligible for getting processed by all BeanPostProcessors (for example: not eligible for auto-proxying)
2021-12-21 11:51:16.278 INFO  [main] o.s.boot.web.embedded.tomcat.TomcatWebServer : Tomcat initialized with port(s): 8090 (http)
2021-12-21 11:51:16.288 INFO  [main] org.apache.coyote.http11.Http11NioProtocol : Initializing ProtocolHandler ["http-nio-8090"]
2021-12-21 11:51:16.293 INFO  [main] org.apache.catalina.core.StandardService : Starting service [Tomcat]
2021-12-21 11:51:16.293 INFO  [main] org.apache.catalina.core.StandardEngine : Starting Servlet engine: [Apache Tomcat/9.0.16]
2021-12-21 11:51:16.298 INFO  [main] org.apache.catalina.core.AprLifecycleListener : Loaded APR based Apache Tomcat Native library [1.2.25] using APR version [1.7.0].
2021-12-21 11:51:16.298 INFO  [main] org.apache.catalina.core.AprLifecycleListener : APR capabilities: IPv6 [true], sendfile [true], accept filters [false], random [true].
2021-12-21 11:51:16.298 INFO  [main] org.apache.catalina.core.AprLifecycleListener : APR/OpenSSL configuration: useAprConnector [false], useOpenSSL [true]
2021-12-21 11:51:16.300 INFO  [main] org.apache.catalina.core.AprLifecycleListener : OpenSSL successfully initialized [OpenSSL 1.1.1g  21 Apr 2020]
2021-12-21 11:51:16.384 INFO  [main] o.a.c.core.ContainerBase.[Tomcat].[localhost].[/] : Initializing Spring embedded WebApplicationContext
2021-12-21 11:51:16.384 INFO  [main] org.springframework.web.context.ContextLoader : Root WebApplicationContext: initialization completed in 936 ms
2021-12-21 11:51:16.631 INFO  [main] s.d.s.w.PropertySourcedRequestMappingHandlerMapping : Mapped URL path [/v2/api-docs] onto method [public org.springframework.http.ResponseEntity<springfox.documentation.spring.web.json.Json> springfox.documentation.swagger2.web.Swagger2Controller.getDocumentation(java.lang.String,javax.servlet.http.HttpServletRequest)]
2021-12-21 11:51:16.756 INFO  [main] o.s.scheduling.concurrent.ThreadPoolTaskExecutor : Initializing ExecutorService 'applicationTaskExecutor'
2021-12-21 11:51:17.246 INFO  [main] s.d.s.web.plugins.DocumentationPluginsBootstrapper : Context refreshed
2021-12-21 11:51:17.257 INFO  [main] s.d.s.web.plugins.DocumentationPluginsBootstrapper : Found 1 custom documentation plugin(s)
2021-12-21 11:51:17.279 INFO  [main] s.d.spring.web.scanners.ApiListingReferenceScanner : Scanning for api listing references
2021-12-21 11:51:17.326 INFO  [main] org.apache.coyote.http11.Http11NioProtocol : Starting ProtocolHandler ["http-nio-8090"]
2021-12-21 11:51:17.344 INFO  [main] o.s.boot.web.embedded.tomcat.TomcatWebServer : Tomcat started on port(s): 8090 (http) with context path ''
2021-12-21 11:51:17.345 INFO  [main] com.Important.WebApplication : Started WebApplication in 2.343 seconds (JVM running for 3.051)
