2022-01-05 09:21:53.555 INFO  [main] com.Important.WebApplication : Starting WebApplication on LAPTOP-VJMOVH20 with PID 24064 (D:\OnlineSalesProject\ImportantProject\target\classes started by 你就是下一个大佬 in D:\OnlineSalesProject\ImportantProject)
2022-01-05 09:21:53.558 INFO  [main] com.Important.WebApplication : The following profiles are active: dev
2022-01-05 09:21:54.224 INFO  [main] o.s.d.r.config.RepositoryConfigurationDelegate : Multiple Spring Data modules found, entering strict repository configuration mode!
2022-01-05 09:21:54.226 INFO  [main] o.s.d.r.config.RepositoryConfigurationDelegate : Bootstrapping Spring Data repositories in DEFAULT mode.
2022-01-05 09:21:54.244 INFO  [main] o.s.d.r.config.RepositoryConfigurationDelegate : Finished Spring Data repository scanning in 8ms. Found 0 repository interfaces.
2022-01-05 09:21:54.321 WARN  [main] org.mybatis.spring.mapper.ClassPathMapperScanner : Skipping MapperFactoryBean with name 'fileEntityMapper' and 'com.Important.mapper.FileEntityMapper' mapperInterface. Bean already defined with the same name!
2022-01-05 09:21:54.321 WARN  [main] org.mybatis.spring.mapper.ClassPathMapperScanner : Skipping MapperFactoryBean with name 'userMapper' and 'com.Important.mapper.UserMapper' mapperInterface. Bean already defined with the same name!
2022-01-05 09:21:54.321 WARN  [main] org.mybatis.spring.mapper.ClassPathMapperScanner : No MyBatis mapper was found in '[com.Important.mapper]' package. Please check your configuration.
2022-01-05 09:21:54.449 INFO  [main] o.s.c.s.PostProcessorRegistrationDelegate$BeanPostProcessorChecker : Bean 'org.springframework.transaction.annotation.ProxyTransactionManagementConfiguration' of type [org.springframework.transaction.annotation.ProxyTransactionManagementConfiguration$$EnhancerBySpringCGLIB$$c58c5fd] is not eligible for getting processed by all BeanPostProcessors (for example: not eligible for auto-proxying)
2022-01-05 09:21:54.692 INFO  [main] o.s.boot.web.embedded.tomcat.TomcatWebServer : Tomcat initialized with port(s): 8090 (http)
2022-01-05 09:21:54.703 INFO  [main] org.apache.coyote.http11.Http11NioProtocol : Initializing ProtocolHandler ["http-nio-8090"]
2022-01-05 09:21:54.710 INFO  [main] org.apache.catalina.core.StandardService : Starting service [Tomcat]
2022-01-05 09:21:54.710 INFO  [main] org.apache.catalina.core.StandardEngine : Starting Servlet engine: [Apache Tomcat/9.0.16]
2022-01-05 09:21:54.715 INFO  [main] org.apache.catalina.core.AprLifecycleListener : Loaded APR based Apache Tomcat Native library [1.2.25] using APR version [1.7.0].
2022-01-05 09:21:54.716 INFO  [main] org.apache.catalina.core.AprLifecycleListener : APR capabilities: IPv6 [true], sendfile [true], accept filters [false], random [true].
2022-01-05 09:21:54.716 INFO  [main] org.apache.catalina.core.AprLifecycleListener : APR/OpenSSL configuration: useAprConnector [false], useOpenSSL [true]
2022-01-05 09:21:54.728 INFO  [main] org.apache.catalina.core.AprLifecycleListener : OpenSSL successfully initialized [OpenSSL 1.1.1g  21 Apr 2020]
2022-01-05 09:21:54.823 INFO  [main] o.a.c.c.C.[Tomcat].[localhost].[/ImportanProject] : Initializing Spring embedded WebApplicationContext
2022-01-05 09:21:54.823 INFO  [main] org.springframework.web.context.ContextLoader : Root WebApplicationContext: initialization completed in 1203 ms
2022-01-05 09:21:55.661 INFO  [main] s.d.s.w.PropertySourcedRequestMappingHandlerMapping : Mapped URL path [/v2/api-docs] onto method [public org.springframework.http.ResponseEntity<springfox.documentation.spring.web.json.Json> springfox.documentation.swagger2.web.Swagger2Controller.getDocumentation(java.lang.String,javax.servlet.http.HttpServletRequest)]
2022-01-05 09:21:55.758 INFO  [main] o.s.scheduling.concurrent.ThreadPoolTaskExecutor : Initializing ExecutorService 'applicationTaskExecutor'
2022-01-05 09:21:55.998 INFO  [main] s.d.s.web.plugins.DocumentationPluginsBootstrapper : Context refreshed
2022-01-05 09:21:56.023 INFO  [main] s.d.s.web.plugins.DocumentationPluginsBootstrapper : Found 1 custom documentation plugin(s)
2022-01-05 09:21:56.047 INFO  [main] s.d.spring.web.scanners.ApiListingReferenceScanner : Scanning for api listing references
2022-01-05 09:21:56.161 INFO  [main] org.apache.coyote.http11.Http11NioProtocol : Starting ProtocolHandler ["http-nio-8090"]
2022-01-05 09:21:56.176 INFO  [main] o.s.boot.web.embedded.tomcat.TomcatWebServer : Tomcat started on port(s): 8090 (http) with context path '/ImportanProject'
2022-01-05 09:21:56.178 INFO  [main] com.Important.WebApplication : Started WebApplication in 3.096 seconds (JVM running for 4.462)
2022-01-05 09:48:33.938 INFO  [main] com.Important.WebApplication : Starting WebApplication on LAPTOP-VJMOVH20 with PID 12384 (D:\OnlineSalesProject\ImportantProject\target\classes started by 你就是下一个大佬 in D:\OnlineSalesProject\ImportantProject)
2022-01-05 09:48:33.941 INFO  [main] com.Important.WebApplication : The following profiles are active: dev
2022-01-05 09:48:34.626 INFO  [main] o.s.d.r.config.RepositoryConfigurationDelegate : Multiple Spring Data modules found, entering strict repository configuration mode!
2022-01-05 09:48:34.627 INFO  [main] o.s.d.r.config.RepositoryConfigurationDelegate : Bootstrapping Spring Data repositories in DEFAULT mode.
2022-01-05 09:48:34.642 INFO  [main] o.s.d.r.config.RepositoryConfigurationDelegate : Finished Spring Data repository scanning in 6ms. Found 0 repository interfaces.
2022-01-05 09:48:34.703 WARN  [main] org.mybatis.spring.mapper.ClassPathMapperScanner : Skipping MapperFactoryBean with name 'fileEntityMapper' and 'com.Important.mapper.FileEntityMapper' mapperInterface. Bean already defined with the same name!
2022-01-05 09:48:34.703 WARN  [main] org.mybatis.spring.mapper.ClassPathMapperScanner : Skipping MapperFactoryBean with name 'userMapper' and 'com.Important.mapper.UserMapper' mapperInterface. Bean already defined with the same name!
2022-01-05 09:48:34.703 WARN  [main] org.mybatis.spring.mapper.ClassPathMapperScanner : No MyBatis mapper was found in '[com.Important.mapper]' package. Please check your configuration.
2022-01-05 09:48:34.823 INFO  [main] o.s.c.s.PostProcessorRegistrationDelegate$BeanPostProcessorChecker : Bean 'org.springframework.transaction.annotation.ProxyTransactionManagementConfiguration' of type [org.springframework.transaction.annotation.ProxyTransactionManagementConfiguration$$EnhancerBySpringCGLIB$$fc3e21f2] is not eligible for getting processed by all BeanPostProcessors (for example: not eligible for auto-proxying)
2022-01-05 09:48:35.033 INFO  [main] o.s.boot.web.embedded.tomcat.TomcatWebServer : Tomcat initialized with port(s): 8090 (http)
2022-01-05 09:48:35.042 INFO  [main] org.apache.coyote.http11.Http11NioProtocol : Initializing ProtocolHandler ["http-nio-8090"]
2022-01-05 09:48:35.047 INFO  [main] org.apache.catalina.core.StandardService : Starting service [Tomcat]
2022-01-05 09:48:35.047 INFO  [main] org.apache.catalina.core.StandardEngine : Starting Servlet engine: [Apache Tomcat/9.0.16]
2022-01-05 09:48:35.052 INFO  [main] org.apache.catalina.core.AprLifecycleListener : Loaded APR based Apache Tomcat Native library [1.2.25] using APR version [1.7.0].
2022-01-05 09:48:35.052 INFO  [main] org.apache.catalina.core.AprLifecycleListener : APR capabilities: IPv6 [true], sendfile [true], accept filters [false], random [true].
2022-01-05 09:48:35.053 INFO  [main] org.apache.catalina.core.AprLifecycleListener : APR/OpenSSL configuration: useAprConnector [false], useOpenSSL [true]
2022-01-05 09:48:35.055 INFO  [main] org.apache.catalina.core.AprLifecycleListener : OpenSSL successfully initialized [OpenSSL 1.1.1g  21 Apr 2020]
2022-01-05 09:48:35.147 INFO  [main] o.a.c.c.C.[Tomcat].[localhost].[/ImportanProject] : Initializing Spring embedded WebApplicationContext
2022-01-05 09:48:35.147 INFO  [main] org.springframework.web.context.ContextLoader : Root WebApplicationContext: initialization completed in 1132 ms
2022-01-05 09:48:35.947 INFO  [main] s.d.s.w.PropertySourcedRequestMappingHandlerMapping : Mapped URL path [/v2/api-docs] onto method [public org.springframework.http.ResponseEntity<springfox.documentation.spring.web.json.Json> springfox.documentation.swagger2.web.Swagger2Controller.getDocumentation(java.lang.String,javax.servlet.http.HttpServletRequest)]
2022-01-05 09:48:36.046 INFO  [main] o.s.scheduling.concurrent.ThreadPoolTaskExecutor : Initializing ExecutorService 'applicationTaskExecutor'
2022-01-05 09:48:36.284 INFO  [main] s.d.s.web.plugins.DocumentationPluginsBootstrapper : Context refreshed
2022-01-05 09:48:36.295 INFO  [main] s.d.s.web.plugins.DocumentationPluginsBootstrapper : Found 1 custom documentation plugin(s)
2022-01-05 09:48:36.321 INFO  [main] s.d.spring.web.scanners.ApiListingReferenceScanner : Scanning for api listing references
2022-01-05 09:48:36.447 INFO  [main] org.apache.coyote.http11.Http11NioProtocol : Starting ProtocolHandler ["http-nio-8090"]
2022-01-05 09:48:36.463 INFO  [main] o.s.boot.web.embedded.tomcat.TomcatWebServer : Tomcat started on port(s): 8090 (http) with context path '/ImportanProject'
2022-01-05 09:48:36.465 INFO  [main] com.Important.WebApplication : Started WebApplication in 2.955 seconds (JVM running for 3.644)
2022-01-05 09:49:27.101 INFO  [http-nio-8090-exec-1] o.a.c.c.C.[Tomcat].[localhost].[/ImportanProject] : Initializing Spring DispatcherServlet 'dispatcherServlet'
2022-01-05 09:49:27.102 INFO  [http-nio-8090-exec-1] org.springframework.web.servlet.DispatcherServlet : Initializing Servlet 'dispatcherServlet'
2022-01-05 09:49:27.113 INFO  [http-nio-8090-exec-1] org.springframework.web.servlet.DispatcherServlet : Completed initialization in 11 ms
2022-01-05 09:49:47.196 INFO  [http-nio-8090-exec-4] com.Important.config.HandLerConfig : java.lang.NullPointerException
2022-01-05 09:52:13.486 INFO  [main] com.Important.WebApplication : Starting WebApplication on LAPTOP-VJMOVH20 with PID 19236 (D:\OnlineSalesProject\ImportantProject\target\classes started by 你就是下一个大佬 in D:\OnlineSalesProject\ImportantProject)
2022-01-05 09:52:13.488 INFO  [main] com.Important.WebApplication : The following profiles are active: dev
2022-01-05 09:52:14.144 INFO  [main] o.s.d.r.config.RepositoryConfigurationDelegate : Multiple Spring Data modules found, entering strict repository configuration mode!
2022-01-05 09:52:14.145 INFO  [main] o.s.d.r.config.RepositoryConfigurationDelegate : Bootstrapping Spring Data repositories in DEFAULT mode.
2022-01-05 09:52:14.161 INFO  [main] o.s.d.r.config.RepositoryConfigurationDelegate : Finished Spring Data repository scanning in 6ms. Found 0 repository interfaces.
2022-01-05 09:52:14.224 WARN  [main] org.mybatis.spring.mapper.ClassPathMapperScanner : Skipping MapperFactoryBean with name 'fileEntityMapper' and 'com.Important.mapper.FileEntityMapper' mapperInterface. Bean already defined with the same name!
2022-01-05 09:52:14.224 WARN  [main] org.mybatis.spring.mapper.ClassPathMapperScanner : Skipping MapperFactoryBean with name 'userMapper' and 'com.Important.mapper.UserMapper' mapperInterface. Bean already defined with the same name!
2022-01-05 09:52:14.224 WARN  [main] org.mybatis.spring.mapper.ClassPathMapperScanner : No MyBatis mapper was found in '[com.Important.mapper]' package. Please check your configuration.
2022-01-05 09:52:14.345 INFO  [main] o.s.c.s.PostProcessorRegistrationDelegate$BeanPostProcessorChecker : Bean 'org.springframework.transaction.annotation.ProxyTransactionManagementConfiguration' of type [org.springframework.transaction.annotation.ProxyTransactionManagementConfiguration$$EnhancerBySpringCGLIB$$7993531d] is not eligible for getting processed by all BeanPostProcessors (for example: not eligible for auto-proxying)
2022-01-05 09:52:14.559 INFO  [main] o.s.boot.web.embedded.tomcat.TomcatWebServer : Tomcat initialized with port(s): 8090 (http)
2022-01-05 09:52:14.572 INFO  [main] org.apache.coyote.http11.Http11NioProtocol : Initializing ProtocolHandler ["http-nio-8090"]
2022-01-05 09:52:14.578 INFO  [main] org.apache.catalina.core.StandardService : Starting service [Tomcat]
2022-01-05 09:52:14.578 INFO  [main] org.apache.catalina.core.StandardEngine : Starting Servlet engine: [Apache Tomcat/9.0.16]
2022-01-05 09:52:14.585 INFO  [main] org.apache.catalina.core.AprLifecycleListener : Loaded APR based Apache Tomcat Native library [1.2.25] using APR version [1.7.0].
2022-01-05 09:52:14.585 INFO  [main] org.apache.catalina.core.AprLifecycleListener : APR capabilities: IPv6 [true], sendfile [true], accept filters [false], random [true].
2022-01-05 09:52:14.585 INFO  [main] org.apache.catalina.core.AprLifecycleListener : APR/OpenSSL configuration: useAprConnector [false], useOpenSSL [true]
2022-01-05 09:52:14.587 INFO  [main] org.apache.catalina.core.AprLifecycleListener : OpenSSL successfully initialized [OpenSSL 1.1.1g  21 Apr 2020]
2022-01-05 09:52:14.683 INFO  [main] o.a.c.c.C.[Tomcat].[localhost].[/ImportanProject] : Initializing Spring embedded WebApplicationContext
2022-01-05 09:52:14.684 INFO  [main] org.springframework.web.context.ContextLoader : Root WebApplicationContext: initialization completed in 1122 ms
2022-01-05 09:52:15.478 INFO  [main] s.d.s.w.PropertySourcedRequestMappingHandlerMapping : Mapped URL path [/v2/api-docs] onto method [public org.springframework.http.ResponseEntity<springfox.documentation.spring.web.json.Json> springfox.documentation.swagger2.web.Swagger2Controller.getDocumentation(java.lang.String,javax.servlet.http.HttpServletRequest)]
2022-01-05 09:52:15.572 INFO  [main] o.s.scheduling.concurrent.ThreadPoolTaskExecutor : Initializing ExecutorService 'applicationTaskExecutor'
2022-01-05 09:52:15.799 INFO  [main] s.d.s.web.plugins.DocumentationPluginsBootstrapper : Context refreshed
2022-01-05 09:52:15.810 INFO  [main] s.d.s.web.plugins.DocumentationPluginsBootstrapper : Found 1 custom documentation plugin(s)
2022-01-05 09:52:15.833 INFO  [main] s.d.spring.web.scanners.ApiListingReferenceScanner : Scanning for api listing references
2022-01-05 09:52:15.943 INFO  [main] org.apache.coyote.http11.Http11NioProtocol : Starting ProtocolHandler ["http-nio-8090"]
2022-01-05 09:52:15.958 INFO  [main] o.s.boot.web.embedded.tomcat.TomcatWebServer : Tomcat started on port(s): 8090 (http) with context path '/ImportanProject'
2022-01-05 09:52:15.960 INFO  [main] com.Important.WebApplication : Started WebApplication in 2.896 seconds (JVM running for 3.6)
2022-01-05 09:52:21.531 INFO  [http-nio-8090-exec-1] o.a.c.c.C.[Tomcat].[localhost].[/ImportanProject] : Initializing Spring DispatcherServlet 'dispatcherServlet'
2022-01-05 09:52:21.531 INFO  [http-nio-8090-exec-1] org.springframework.web.servlet.DispatcherServlet : Initializing Servlet 'dispatcherServlet'
2022-01-05 09:52:21.536 INFO  [http-nio-8090-exec-1] org.springframework.web.servlet.DispatcherServlet : Completed initialization in 5 ms
2022-01-05 09:52:21.586 ERROR [http-nio-8090-exec-1] o.a.c.c.C.[.[.[.[dispatcherServlet] : Servlet.service() for servlet [dispatcherServlet] in context with path [/ImportanProject] threw exception [Request processing failed; nested exception is org.springframework.http.converter.HttpMessageConversionException: Type definition error: [simple type, class com.Important.dto.UserDto]; nested exception is com.fasterxml.jackson.databind.exc.InvalidDefinitionException: Cannot construct instance of `com.Important.dto.UserDto` (no Creators, like default construct, exist): cannot deserialize from Object value (no delegate- or property-based Creator)
 at [Source: (PushbackInputStream); line: 2, column: 2]] with root cause
com.fasterxml.jackson.databind.exc.InvalidDefinitionException: Cannot construct instance of `com.Important.dto.UserDto` (no Creators, like default construct, exist): cannot deserialize from Object value (no delegate- or property-based Creator)
 at [Source: (PushbackInputStream); line: 2, column: 2]
	at com.fasterxml.jackson.databind.exc.InvalidDefinitionException.from(InvalidDefinitionException.java:67)
	at com.fasterxml.jackson.databind.DeserializationContext.reportBadDefinition(DeserializationContext.java:1452)
	at com.fasterxml.jackson.databind.DeserializationContext.handleMissingInstantiator(DeserializationContext.java:1028)
	at com.fasterxml.jackson.databind.deser.BeanDeserializerBase.deserializeFromObjectUsingNonDefault(BeanDeserializerBase.java:1297)
	at com.fasterxml.jackson.databind.deser.BeanDeserializer.deserializeFromObject(BeanDeserializer.java:326)
	at com.fasterxml.jackson.databind.deser.BeanDeserializer.deserialize(BeanDeserializer.java:159)
	at com.fasterxml.jackson.databind.ObjectMapper._readMapAndClose(ObjectMapper.java:4013)
	at com.fasterxml.jackson.databind.ObjectMapper.readValue(ObjectMapper.java:3084)
	at org.springframework.http.converter.json.AbstractJackson2HttpMessageConverter.readJavaType(AbstractJackson2HttpMessageConverter.java:239)
	at org.springframework.http.converter.json.AbstractJackson2HttpMessageConverter.read(AbstractJackson2HttpMessageConverter.java:227)
	at org.springframework.web.servlet.mvc.method.annotation.AbstractMessageConverterMethodArgumentResolver.readWithMessageConverters(AbstractMessageConverterMethodArgumentResolver.java:204)
	at org.springframework.web.servlet.mvc.method.annotation.RequestResponseBodyMethodProcessor.readWithMessageConverters(RequestResponseBodyMethodProcessor.java:157)
	at org.springframework.web.servlet.mvc.method.annotation.RequestResponseBodyMethodProcessor.resolveArgument(RequestResponseBodyMethodProcessor.java:130)
	at org.springframework.web.method.support.HandlerMethodArgumentResolverComposite.resolveArgument(HandlerMethodArgumentResolverComposite.java:126)
	at org.springframework.web.method.support.InvocableHandlerMethod.getMethodArgumentValues(InvocableHandlerMethod.java:166)
	at org.springframework.web.method.support.InvocableHandlerMethod.invokeForRequest(InvocableHandlerMethod.java:134)
	at org.springframework.web.servlet.mvc.method.annotation.ServletInvocableHandlerMethod.invokeAndHandle(ServletInvocableHandlerMethod.java:102)
	at org.springframework.web.servlet.mvc.method.annotation.RequestMappingHandlerAdapter.invokeHandlerMethod(RequestMappingHandlerAdapter.java:895)
	at org.springframework.web.servlet.mvc.method.annotation.RequestMappingHandlerAdapter.handleInternal(RequestMappingHandlerAdapter.java:800)
	at org.springframework.web.servlet.mvc.method.AbstractHandlerMethodAdapter.handle(AbstractHandlerMethodAdapter.java:87)
	at org.springframework.web.servlet.DispatcherServlet.doDispatch(DispatcherServlet.java:1038)
	at org.springframework.web.servlet.DispatcherServlet.doService(DispatcherServlet.java:942)
	at org.springframework.web.servlet.FrameworkServlet.processRequest(FrameworkServlet.java:1005)
	at org.springframework.web.servlet.FrameworkServlet.doPost(FrameworkServlet.java:908)
	at javax.servlet.http.HttpServlet.service(HttpServlet.java:660)
	at org.springframework.web.servlet.FrameworkServlet.service(FrameworkServlet.java:882)
	at javax.servlet.http.HttpServlet.service(HttpServlet.java:741)
	at org.apache.catalina.core.ApplicationFilterChain.internalDoFilter(ApplicationFilterChain.java:231)
	at org.apache.catalina.core.ApplicationFilterChain.doFilter(ApplicationFilterChain.java:166)
	at org.apache.tomcat.websocket.server.WsFilter.doFilter(WsFilter.java:53)
	at org.apache.catalina.core.ApplicationFilterChain.internalDoFilter(ApplicationFilterChain.java:193)
	at org.apache.catalina.core.ApplicationFilterChain.doFilter(ApplicationFilterChain.java:166)
	at org.springframework.web.filter.RequestContextFilter.doFilterInternal(RequestContextFilter.java:99)
	at org.springframework.web.filter.OncePerRequestFilter.doFilter(OncePerRequestFilter.java:107)
	at org.apache.catalina.core.ApplicationFilterChain.internalDoFilter(ApplicationFilterChain.java:193)
	at org.apache.catalina.core.ApplicationFilterChain.doFilter(ApplicationFilterChain.java:166)
	at org.springframework.web.filter.FormContentFilter.doFilterInternal(FormContentFilter.java:92)
	at org.springframework.web.filter.OncePerRequestFilter.doFilter(OncePerRequestFilter.java:107)
	at org.apache.catalina.core.ApplicationFilterChain.internalDoFilter(ApplicationFilterChain.java:193)
	at org.apache.catalina.core.ApplicationFilterChain.doFilter(ApplicationFilterChain.java:166)
	at org.springframework.web.filter.HiddenHttpMethodFilter.doFilterInternal(HiddenHttpMethodFilter.java:93)
	at org.springframework.web.filter.OncePerRequestFilter.doFilter(OncePerRequestFilter.java:107)
	at org.apache.catalina.core.ApplicationFilterChain.internalDoFilter(ApplicationFilterChain.java:193)
	at org.apache.catalina.core.ApplicationFilterChain.doFilter(ApplicationFilterChain.java:166)
	at org.springframework.web.filter.CharacterEncodingFilter.doFilterInternal(CharacterEncodingFilter.java:200)
	at org.springframework.web.filter.OncePerRequestFilter.doFilter(OncePerRequestFilter.java:107)
	at org.apache.catalina.core.ApplicationFilterChain.internalDoFilter(ApplicationFilterChain.java:193)
	at org.apache.catalina.core.ApplicationFilterChain.doFilter(ApplicationFilterChain.java:166)
	at org.apache.catalina.core.StandardWrapperValve.invoke(StandardWrapperValve.java:200)
	at org.apache.catalina.core.StandardContextValve.invoke(StandardContextValve.java:96)
	at org.apache.catalina.authenticator.AuthenticatorBase.invoke(AuthenticatorBase.java:490)
	at org.apache.catalina.core.StandardHostValve.invoke(StandardHostValve.java:139)
	at org.apache.catalina.valves.ErrorReportValve.invoke(ErrorReportValve.java:92)
	at org.apache.catalina.core.StandardEngineValve.invoke(StandardEngineValve.java:74)
	at org.apache.catalina.connector.CoyoteAdapter.service(CoyoteAdapter.java:343)
	at org.apache.coyote.http11.Http11Processor.service(Http11Processor.java:408)
	at org.apache.coyote.AbstractProcessorLight.process(AbstractProcessorLight.java:66)
	at org.apache.coyote.AbstractProtocol$ConnectionHandler.process(AbstractProtocol.java:834)
	at org.apache.tomcat.util.net.NioEndpoint$SocketProcessor.doRun(NioEndpoint.java:1415)
	at org.apache.tomcat.util.net.SocketProcessorBase.run(SocketProcessorBase.java:49)
	at java.util.concurrent.ThreadPoolExecutor.runWorker(ThreadPoolExecutor.java:1149)
	at java.util.concurrent.ThreadPoolExecutor$Worker.run(ThreadPoolExecutor.java:624)
	at org.apache.tomcat.util.threads.TaskThread$WrappingRunnable.run(TaskThread.java:61)
	at java.lang.Thread.run(Thread.java:748)
2022-01-05 09:54:19.110 INFO  [main] com.Important.WebApplication : Starting WebApplication on LAPTOP-VJMOVH20 with PID 8016 (D:\OnlineSalesProject\ImportantProject\target\classes started by 你就是下一个大佬 in D:\OnlineSalesProject\ImportantProject)
2022-01-05 09:54:19.112 INFO  [main] com.Important.WebApplication : The following profiles are active: dev
2022-01-05 09:54:19.711 INFO  [main] o.s.d.r.config.RepositoryConfigurationDelegate : Multiple Spring Data modules found, entering strict repository configuration mode!
2022-01-05 09:54:19.713 INFO  [main] o.s.d.r.config.RepositoryConfigurationDelegate : Bootstrapping Spring Data repositories in DEFAULT mode.
2022-01-05 09:54:19.728 INFO  [main] o.s.d.r.config.RepositoryConfigurationDelegate : Finished Spring Data repository scanning in 7ms. Found 0 repository interfaces.
2022-01-05 09:54:19.791 WARN  [main] org.mybatis.spring.mapper.ClassPathMapperScanner : Skipping MapperFactoryBean with name 'fileEntityMapper' and 'com.Important.mapper.FileEntityMapper' mapperInterface. Bean already defined with the same name!
2022-01-05 09:54:19.791 WARN  [main] org.mybatis.spring.mapper.ClassPathMapperScanner : Skipping MapperFactoryBean with name 'userMapper' and 'com.Important.mapper.UserMapper' mapperInterface. Bean already defined with the same name!
2022-01-05 09:54:19.791 WARN  [main] org.mybatis.spring.mapper.ClassPathMapperScanner : No MyBatis mapper was found in '[com.Important.mapper]' package. Please check your configuration.
2022-01-05 09:54:19.917 INFO  [main] o.s.c.s.PostProcessorRegistrationDelegate$BeanPostProcessorChecker : Bean 'org.springframework.transaction.annotation.ProxyTransactionManagementConfiguration' of type [org.springframework.transaction.annotation.ProxyTransactionManagementConfiguration$$EnhancerBySpringCGLIB$$2c76cbb9] is not eligible for getting processed by all BeanPostProcessors (for example: not eligible for auto-proxying)
2022-01-05 09:54:20.133 INFO  [main] o.s.boot.web.embedded.tomcat.TomcatWebServer : Tomcat initialized with port(s): 8090 (http)
2022-01-05 09:54:20.142 INFO  [main] org.apache.coyote.http11.Http11NioProtocol : Initializing ProtocolHandler ["http-nio-8090"]
2022-01-05 09:54:20.148 INFO  [main] org.apache.catalina.core.StandardService : Starting service [Tomcat]
2022-01-05 09:54:20.148 INFO  [main] org.apache.catalina.core.StandardEngine : Starting Servlet engine: [Apache Tomcat/9.0.16]
2022-01-05 09:54:20.153 INFO  [main] org.apache.catalina.core.AprLifecycleListener : Loaded APR based Apache Tomcat Native library [1.2.25] using APR version [1.7.0].
2022-01-05 09:54:20.153 INFO  [main] org.apache.catalina.core.AprLifecycleListener : APR capabilities: IPv6 [true], sendfile [true], accept filters [false], random [true].
2022-01-05 09:54:20.153 INFO  [main] org.apache.catalina.core.AprLifecycleListener : APR/OpenSSL configuration: useAprConnector [false], useOpenSSL [true]
2022-01-05 09:54:20.155 INFO  [main] org.apache.catalina.core.AprLifecycleListener : OpenSSL successfully initialized [OpenSSL 1.1.1g  21 Apr 2020]
2022-01-05 09:54:20.233 INFO  [main] o.a.c.c.C.[Tomcat].[localhost].[/ImportanProject] : Initializing Spring embedded WebApplicationContext
2022-01-05 09:54:20.233 INFO  [main] org.springframework.web.context.ContextLoader : Root WebApplicationContext: initialization completed in 1059 ms
2022-01-05 09:54:21.032 INFO  [main] s.d.s.w.PropertySourcedRequestMappingHandlerMapping : Mapped URL path [/v2/api-docs] onto method [public org.springframework.http.ResponseEntity<springfox.documentation.spring.web.json.Json> springfox.documentation.swagger2.web.Swagger2Controller.getDocumentation(java.lang.String,javax.servlet.http.HttpServletRequest)]
2022-01-05 09:54:21.125 INFO  [main] o.s.scheduling.concurrent.ThreadPoolTaskExecutor : Initializing ExecutorService 'applicationTaskExecutor'
2022-01-05 09:54:21.340 INFO  [main] s.d.s.web.plugins.DocumentationPluginsBootstrapper : Context refreshed
2022-01-05 09:54:21.351 INFO  [main] s.d.s.web.plugins.DocumentationPluginsBootstrapper : Found 1 custom documentation plugin(s)
2022-01-05 09:54:21.374 INFO  [main] s.d.spring.web.scanners.ApiListingReferenceScanner : Scanning for api listing references
2022-01-05 09:54:21.492 INFO  [main] org.apache.coyote.http11.Http11NioProtocol : Starting ProtocolHandler ["http-nio-8090"]
2022-01-05 09:54:21.508 INFO  [main] o.s.boot.web.embedded.tomcat.TomcatWebServer : Tomcat started on port(s): 8090 (http) with context path '/ImportanProject'
2022-01-05 09:54:21.510 INFO  [main] com.Important.WebApplication : Started WebApplication in 2.786 seconds (JVM running for 3.441)
2022-01-05 09:54:37.335 INFO  [http-nio-8090-exec-1] o.a.c.c.C.[Tomcat].[localhost].[/ImportanProject] : Initializing Spring DispatcherServlet 'dispatcherServlet'
2022-01-05 09:54:37.335 INFO  [http-nio-8090-exec-1] org.springframework.web.servlet.DispatcherServlet : Initializing Servlet 'dispatcherServlet'
2022-01-05 09:54:37.341 INFO  [http-nio-8090-exec-1] org.springframework.web.servlet.DispatcherServlet : Completed initialization in 6 ms
2022-01-05 09:54:37.391 ERROR [http-nio-8090-exec-1] o.a.c.c.C.[.[.[.[dispatcherServlet] : Servlet.service() for servlet [dispatcherServlet] in context with path [/ImportanProject] threw exception [Request processing failed; nested exception is org.springframework.http.converter.HttpMessageConversionException: Type definition error: [simple type, class com.Important.dto.UserDto]; nested exception is com.fasterxml.jackson.databind.exc.InvalidDefinitionException: Cannot construct instance of `com.Important.dto.UserDto` (no Creators, like default construct, exist): cannot deserialize from Object value (no delegate- or property-based Creator)
 at [Source: (PushbackInputStream); line: 2, column: 2]] with root cause
com.fasterxml.jackson.databind.exc.InvalidDefinitionException: Cannot construct instance of `com.Important.dto.UserDto` (no Creators, like default construct, exist): cannot deserialize from Object value (no delegate- or property-based Creator)
 at [Source: (PushbackInputStream); line: 2, column: 2]
	at com.fasterxml.jackson.databind.exc.InvalidDefinitionException.from(InvalidDefinitionException.java:67)
	at com.fasterxml.jackson.databind.DeserializationContext.reportBadDefinition(DeserializationContext.java:1452)
	at com.fasterxml.jackson.databind.DeserializationContext.handleMissingInstantiator(DeserializationContext.java:1028)
	at com.fasterxml.jackson.databind.deser.BeanDeserializerBase.deserializeFromObjectUsingNonDefault(BeanDeserializerBase.java:1297)
	at com.fasterxml.jackson.databind.deser.BeanDeserializer.deserializeFromObject(BeanDeserializer.java:326)
	at com.fasterxml.jackson.databind.deser.BeanDeserializer.deserialize(BeanDeserializer.java:159)
	at com.fasterxml.jackson.databind.ObjectMapper._readMapAndClose(ObjectMapper.java:4013)
	at com.fasterxml.jackson.databind.ObjectMapper.readValue(ObjectMapper.java:3084)
	at org.springframework.http.converter.json.AbstractJackson2HttpMessageConverter.readJavaType(AbstractJackson2HttpMessageConverter.java:239)
	at org.springframework.http.converter.json.AbstractJackson2HttpMessageConverter.read(AbstractJackson2HttpMessageConverter.java:227)
	at org.springframework.web.servlet.mvc.method.annotation.AbstractMessageConverterMethodArgumentResolver.readWithMessageConverters(AbstractMessageConverterMethodArgumentResolver.java:204)
	at org.springframework.web.servlet.mvc.method.annotation.RequestResponseBodyMethodProcessor.readWithMessageConverters(RequestResponseBodyMethodProcessor.java:157)
	at org.springframework.web.servlet.mvc.method.annotation.RequestResponseBodyMethodProcessor.resolveArgument(RequestResponseBodyMethodProcessor.java:130)
	at org.springframework.web.method.support.HandlerMethodArgumentResolverComposite.resolveArgument(HandlerMethodArgumentResolverComposite.java:126)
	at org.springframework.web.method.support.InvocableHandlerMethod.getMethodArgumentValues(InvocableHandlerMethod.java:166)
	at org.springframework.web.method.support.InvocableHandlerMethod.invokeForRequest(InvocableHandlerMethod.java:134)
	at org.springframework.web.servlet.mvc.method.annotation.ServletInvocableHandlerMethod.invokeAndHandle(ServletInvocableHandlerMethod.java:102)
	at org.springframework.web.servlet.mvc.method.annotation.RequestMappingHandlerAdapter.invokeHandlerMethod(RequestMappingHandlerAdapter.java:895)
	at org.springframework.web.servlet.mvc.method.annotation.RequestMappingHandlerAdapter.handleInternal(RequestMappingHandlerAdapter.java:800)
	at org.springframework.web.servlet.mvc.method.AbstractHandlerMethodAdapter.handle(AbstractHandlerMethodAdapter.java:87)
	at org.springframework.web.servlet.DispatcherServlet.doDispatch(DispatcherServlet.java:1038)
	at org.springframework.web.servlet.DispatcherServlet.doService(DispatcherServlet.java:942)
	at org.springframework.web.servlet.FrameworkServlet.processRequest(FrameworkServlet.java:1005)
	at org.springframework.web.servlet.FrameworkServlet.doPost(FrameworkServlet.java:908)
	at javax.servlet.http.HttpServlet.service(HttpServlet.java:660)
	at org.springframework.web.servlet.FrameworkServlet.service(FrameworkServlet.java:882)
	at javax.servlet.http.HttpServlet.service(HttpServlet.java:741)
	at org.apache.catalina.core.ApplicationFilterChain.internalDoFilter(ApplicationFilterChain.java:231)
	at org.apache.catalina.core.ApplicationFilterChain.doFilter(ApplicationFilterChain.java:166)
	at org.apache.tomcat.websocket.server.WsFilter.doFilter(WsFilter.java:53)
	at org.apache.catalina.core.ApplicationFilterChain.internalDoFilter(ApplicationFilterChain.java:193)
	at org.apache.catalina.core.ApplicationFilterChain.doFilter(ApplicationFilterChain.java:166)
	at org.springframework.web.filter.RequestContextFilter.doFilterInternal(RequestContextFilter.java:99)
	at org.springframework.web.filter.OncePerRequestFilter.doFilter(OncePerRequestFilter.java:107)
	at org.apache.catalina.core.ApplicationFilterChain.internalDoFilter(ApplicationFilterChain.java:193)
	at org.apache.catalina.core.ApplicationFilterChain.doFilter(ApplicationFilterChain.java:166)
	at org.springframework.web.filter.FormContentFilter.doFilterInternal(FormContentFilter.java:92)
	at org.springframework.web.filter.OncePerRequestFilter.doFilter(OncePerRequestFilter.java:107)
	at org.apache.catalina.core.ApplicationFilterChain.internalDoFilter(ApplicationFilterChain.java:193)
	at org.apache.catalina.core.ApplicationFilterChain.doFilter(ApplicationFilterChain.java:166)
	at org.springframework.web.filter.HiddenHttpMethodFilter.doFilterInternal(HiddenHttpMethodFilter.java:93)
	at org.springframework.web.filter.OncePerRequestFilter.doFilter(OncePerRequestFilter.java:107)
	at org.apache.catalina.core.ApplicationFilterChain.internalDoFilter(ApplicationFilterChain.java:193)
	at org.apache.catalina.core.ApplicationFilterChain.doFilter(ApplicationFilterChain.java:166)
	at org.springframework.web.filter.CharacterEncodingFilter.doFilterInternal(CharacterEncodingFilter.java:200)
	at org.springframework.web.filter.OncePerRequestFilter.doFilter(OncePerRequestFilter.java:107)
	at org.apache.catalina.core.ApplicationFilterChain.internalDoFilter(ApplicationFilterChain.java:193)
	at org.apache.catalina.core.ApplicationFilterChain.doFilter(ApplicationFilterChain.java:166)
	at org.apache.catalina.core.StandardWrapperValve.invoke(StandardWrapperValve.java:200)
	at org.apache.catalina.core.StandardContextValve.invoke(StandardContextValve.java:96)
	at org.apache.catalina.authenticator.AuthenticatorBase.invoke(AuthenticatorBase.java:490)
	at org.apache.catalina.core.StandardHostValve.invoke(StandardHostValve.java:139)
	at org.apache.catalina.valves.ErrorReportValve.invoke(ErrorReportValve.java:92)
	at org.apache.catalina.core.StandardEngineValve.invoke(StandardEngineValve.java:74)
	at org.apache.catalina.connector.CoyoteAdapter.service(CoyoteAdapter.java:343)
	at org.apache.coyote.http11.Http11Processor.service(Http11Processor.java:408)
	at org.apache.coyote.AbstractProcessorLight.process(AbstractProcessorLight.java:66)
	at org.apache.coyote.AbstractProtocol$ConnectionHandler.process(AbstractProtocol.java:834)
	at org.apache.tomcat.util.net.NioEndpoint$SocketProcessor.doRun(NioEndpoint.java:1415)
	at org.apache.tomcat.util.net.SocketProcessorBase.run(SocketProcessorBase.java:49)
	at java.util.concurrent.ThreadPoolExecutor.runWorker(ThreadPoolExecutor.java:1149)
	at java.util.concurrent.ThreadPoolExecutor$Worker.run(ThreadPoolExecutor.java:624)
	at org.apache.tomcat.util.threads.TaskThread$WrappingRunnable.run(TaskThread.java:61)
	at java.lang.Thread.run(Thread.java:748)
2022-01-05 09:55:13.627 INFO  [main] com.Important.WebApplication : Starting WebApplication on LAPTOP-VJMOVH20 with PID 15572 (D:\OnlineSalesProject\ImportantProject\target\classes started by 你就是下一个大佬 in D:\OnlineSalesProject\ImportantProject)
2022-01-05 09:55:13.628 INFO  [main] com.Important.WebApplication : The following profiles are active: dev
2022-01-05 09:55:14.240 INFO  [main] o.s.d.r.config.RepositoryConfigurationDelegate : Multiple Spring Data modules found, entering strict repository configuration mode!
2022-01-05 09:55:14.241 INFO  [main] o.s.d.r.config.RepositoryConfigurationDelegate : Bootstrapping Spring Data repositories in DEFAULT mode.
2022-01-05 09:55:14.257 INFO  [main] o.s.d.r.config.RepositoryConfigurationDelegate : Finished Spring Data repository scanning in 8ms. Found 0 repository interfaces.
2022-01-05 09:55:14.323 WARN  [main] org.mybatis.spring.mapper.ClassPathMapperScanner : Skipping MapperFactoryBean with name 'fileEntityMapper' and 'com.Important.mapper.FileEntityMapper' mapperInterface. Bean already defined with the same name!
2022-01-05 09:55:14.323 WARN  [main] org.mybatis.spring.mapper.ClassPathMapperScanner : Skipping MapperFactoryBean with name 'userMapper' and 'com.Important.mapper.UserMapper' mapperInterface. Bean already defined with the same name!
2022-01-05 09:55:14.323 WARN  [main] org.mybatis.spring.mapper.ClassPathMapperScanner : No MyBatis mapper was found in '[com.Important.mapper]' package. Please check your configuration.
2022-01-05 09:55:14.450 INFO  [main] o.s.c.s.PostProcessorRegistrationDelegate$BeanPostProcessorChecker : Bean 'org.springframework.transaction.annotation.ProxyTransactionManagementConfiguration' of type [org.springframework.transaction.annotation.ProxyTransactionManagementConfiguration$$EnhancerBySpringCGLIB$$9024c9ef] is not eligible for getting processed by all BeanPostProcessors (for example: not eligible for auto-proxying)
2022-01-05 09:55:14.670 INFO  [main] o.s.boot.web.embedded.tomcat.TomcatWebServer : Tomcat initialized with port(s): 8090 (http)
2022-01-05 09:55:14.680 INFO  [main] org.apache.coyote.http11.Http11NioProtocol : Initializing ProtocolHandler ["http-nio-8090"]
2022-01-05 09:55:14.685 INFO  [main] org.apache.catalina.core.StandardService : Starting service [Tomcat]
2022-01-05 09:55:14.686 INFO  [main] org.apache.catalina.core.StandardEngine : Starting Servlet engine: [Apache Tomcat/9.0.16]
2022-01-05 09:55:14.690 INFO  [main] org.apache.catalina.core.AprLifecycleListener : Loaded APR based Apache Tomcat Native library [1.2.25] using APR version [1.7.0].
2022-01-05 09:55:14.691 INFO  [main] org.apache.catalina.core.AprLifecycleListener : APR capabilities: IPv6 [true], sendfile [true], accept filters [false], random [true].
2022-01-05 09:55:14.691 INFO  [main] org.apache.catalina.core.AprLifecycleListener : APR/OpenSSL configuration: useAprConnector [false], useOpenSSL [true]
2022-01-05 09:55:14.693 INFO  [main] org.apache.catalina.core.AprLifecycleListener : OpenSSL successfully initialized [OpenSSL 1.1.1g  21 Apr 2020]
2022-01-05 09:55:14.770 INFO  [main] o.a.c.c.C.[Tomcat].[localhost].[/ImportanProject] : Initializing Spring embedded WebApplicationContext
2022-01-05 09:55:14.770 INFO  [main] org.springframework.web.context.ContextLoader : Root WebApplicationContext: initialization completed in 1078 ms
2022-01-05 09:55:15.571 INFO  [main] s.d.s.w.PropertySourcedRequestMappingHandlerMapping : Mapped URL path [/v2/api-docs] onto method [public org.springframework.http.ResponseEntity<springfox.documentation.spring.web.json.Json> springfox.documentation.swagger2.web.Swagger2Controller.getDocumentation(java.lang.String,javax.servlet.http.HttpServletRequest)]
2022-01-05 09:55:15.667 INFO  [main] o.s.scheduling.concurrent.ThreadPoolTaskExecutor : Initializing ExecutorService 'applicationTaskExecutor'
2022-01-05 09:55:15.887 INFO  [main] s.d.s.web.plugins.DocumentationPluginsBootstrapper : Context refreshed
2022-01-05 09:55:15.898 INFO  [main] s.d.s.web.plugins.DocumentationPluginsBootstrapper : Found 1 custom documentation plugin(s)
2022-01-05 09:55:15.922 INFO  [main] s.d.spring.web.scanners.ApiListingReferenceScanner : Scanning for api listing references
2022-01-05 09:55:16.035 INFO  [main] org.apache.coyote.http11.Http11NioProtocol : Starting ProtocolHandler ["http-nio-8090"]
2022-01-05 09:55:16.050 INFO  [main] o.s.boot.web.embedded.tomcat.TomcatWebServer : Tomcat started on port(s): 8090 (http) with context path '/ImportanProject'
2022-01-05 09:55:16.052 INFO  [main] com.Important.WebApplication : Started WebApplication in 2.831 seconds (JVM running for 3.498)
2022-01-05 09:55:20.159 INFO  [http-nio-8090-exec-1] o.a.c.c.C.[Tomcat].[localhost].[/ImportanProject] : Initializing Spring DispatcherServlet 'dispatcherServlet'
2022-01-05 09:55:20.159 INFO  [http-nio-8090-exec-1] org.springframework.web.servlet.DispatcherServlet : Initializing Servlet 'dispatcherServlet'
2022-01-05 09:55:20.165 INFO  [http-nio-8090-exec-1] org.springframework.web.servlet.DispatcherServlet : Completed initialization in 6 ms
2022-01-05 09:55:20.214 ERROR [http-nio-8090-exec-1] o.a.c.c.C.[.[.[.[dispatcherServlet] : Servlet.service() for servlet [dispatcherServlet] in context with path [/ImportanProject] threw exception [Request processing failed; nested exception is org.springframework.http.converter.HttpMessageConversionException: Type definition error: [simple type, class com.Important.dto.UserDto]; nested exception is com.fasterxml.jackson.databind.exc.InvalidDefinitionException: Cannot construct instance of `com.Important.dto.UserDto` (no Creators, like default construct, exist): cannot deserialize from Object value (no delegate- or property-based Creator)
 at [Source: (PushbackInputStream); line: 2, column: 2]] with root cause
com.fasterxml.jackson.databind.exc.InvalidDefinitionException: Cannot construct instance of `com.Important.dto.UserDto` (no Creators, like default construct, exist): cannot deserialize from Object value (no delegate- or property-based Creator)
 at [Source: (PushbackInputStream); line: 2, column: 2]
	at com.fasterxml.jackson.databind.exc.InvalidDefinitionException.from(InvalidDefinitionException.java:67)
	at com.fasterxml.jackson.databind.DeserializationContext.reportBadDefinition(DeserializationContext.java:1452)
	at com.fasterxml.jackson.databind.DeserializationContext.handleMissingInstantiator(DeserializationContext.java:1028)
	at com.fasterxml.jackson.databind.deser.BeanDeserializerBase.deserializeFromObjectUsingNonDefault(BeanDeserializerBase.java:1297)
	at com.fasterxml.jackson.databind.deser.BeanDeserializer.deserializeFromObject(BeanDeserializer.java:326)
	at com.fasterxml.jackson.databind.deser.BeanDeserializer.deserialize(BeanDeserializer.java:159)
	at com.fasterxml.jackson.databind.ObjectMapper._readMapAndClose(ObjectMapper.java:4013)
	at com.fasterxml.jackson.databind.ObjectMapper.readValue(ObjectMapper.java:3084)
	at org.springframework.http.converter.json.AbstractJackson2HttpMessageConverter.readJavaType(AbstractJackson2HttpMessageConverter.java:239)
	at org.springframework.http.converter.json.AbstractJackson2HttpMessageConverter.read(AbstractJackson2HttpMessageConverter.java:227)
	at org.springframework.web.servlet.mvc.method.annotation.AbstractMessageConverterMethodArgumentResolver.readWithMessageConverters(AbstractMessageConverterMethodArgumentResolver.java:204)
	at org.springframework.web.servlet.mvc.method.annotation.RequestResponseBodyMethodProcessor.readWithMessageConverters(RequestResponseBodyMethodProcessor.java:157)
	at org.springframework.web.servlet.mvc.method.annotation.RequestResponseBodyMethodProcessor.resolveArgument(RequestResponseBodyMethodProcessor.java:130)
	at org.springframework.web.method.support.HandlerMethodArgumentResolverComposite.resolveArgument(HandlerMethodArgumentResolverComposite.java:126)
	at org.springframework.web.method.support.InvocableHandlerMethod.getMethodArgumentValues(InvocableHandlerMethod.java:166)
	at org.springframework.web.method.support.InvocableHandlerMethod.invokeForRequest(InvocableHandlerMethod.java:134)
	at org.springframework.web.servlet.mvc.method.annotation.ServletInvocableHandlerMethod.invokeAndHandle(ServletInvocableHandlerMethod.java:102)
	at org.springframework.web.servlet.mvc.method.annotation.RequestMappingHandlerAdapter.invokeHandlerMethod(RequestMappingHandlerAdapter.java:895)
	at org.springframework.web.servlet.mvc.method.annotation.RequestMappingHandlerAdapter.handleInternal(RequestMappingHandlerAdapter.java:800)
	at org.springframework.web.servlet.mvc.method.AbstractHandlerMethodAdapter.handle(AbstractHandlerMethodAdapter.java:87)
	at org.springframework.web.servlet.DispatcherServlet.doDispatch(DispatcherServlet.java:1038)
	at org.springframework.web.servlet.DispatcherServlet.doService(DispatcherServlet.java:942)
	at org.springframework.web.servlet.FrameworkServlet.processRequest(FrameworkServlet.java:1005)
	at org.springframework.web.servlet.FrameworkServlet.doPost(FrameworkServlet.java:908)
	at javax.servlet.http.HttpServlet.service(HttpServlet.java:660)
	at org.springframework.web.servlet.FrameworkServlet.service(FrameworkServlet.java:882)
	at javax.servlet.http.HttpServlet.service(HttpServlet.java:741)
	at org.apache.catalina.core.ApplicationFilterChain.internalDoFilter(ApplicationFilterChain.java:231)
	at org.apache.catalina.core.ApplicationFilterChain.doFilter(ApplicationFilterChain.java:166)
	at org.apache.tomcat.websocket.server.WsFilter.doFilter(WsFilter.java:53)
	at org.apache.catalina.core.ApplicationFilterChain.internalDoFilter(ApplicationFilterChain.java:193)
	at org.apache.catalina.core.ApplicationFilterChain.doFilter(ApplicationFilterChain.java:166)
	at org.springframework.web.filter.RequestContextFilter.doFilterInternal(RequestContextFilter.java:99)
	at org.springframework.web.filter.OncePerRequestFilter.doFilter(OncePerRequestFilter.java:107)
	at org.apache.catalina.core.ApplicationFilterChain.internalDoFilter(ApplicationFilterChain.java:193)
	at org.apache.catalina.core.ApplicationFilterChain.doFilter(ApplicationFilterChain.java:166)
	at org.springframework.web.filter.FormContentFilter.doFilterInternal(FormContentFilter.java:92)
	at org.springframework.web.filter.OncePerRequestFilter.doFilter(OncePerRequestFilter.java:107)
	at org.apache.catalina.core.ApplicationFilterChain.internalDoFilter(ApplicationFilterChain.java:193)
	at org.apache.catalina.core.ApplicationFilterChain.doFilter(ApplicationFilterChain.java:166)
	at org.springframework.web.filter.HiddenHttpMethodFilter.doFilterInternal(HiddenHttpMethodFilter.java:93)
	at org.springframework.web.filter.OncePerRequestFilter.doFilter(OncePerRequestFilter.java:107)
	at org.apache.catalina.core.ApplicationFilterChain.internalDoFilter(ApplicationFilterChain.java:193)
	at org.apache.catalina.core.ApplicationFilterChain.doFilter(ApplicationFilterChain.java:166)
	at org.springframework.web.filter.CharacterEncodingFilter.doFilterInternal(CharacterEncodingFilter.java:200)
	at org.springframework.web.filter.OncePerRequestFilter.doFilter(OncePerRequestFilter.java:107)
	at org.apache.catalina.core.ApplicationFilterChain.internalDoFilter(ApplicationFilterChain.java:193)
	at org.apache.catalina.core.ApplicationFilterChain.doFilter(ApplicationFilterChain.java:166)
	at org.apache.catalina.core.StandardWrapperValve.invoke(StandardWrapperValve.java:200)
	at org.apache.catalina.core.StandardContextValve.invoke(StandardContextValve.java:96)
	at org.apache.catalina.authenticator.AuthenticatorBase.invoke(AuthenticatorBase.java:490)
	at org.apache.catalina.core.StandardHostValve.invoke(StandardHostValve.java:139)
	at org.apache.catalina.valves.ErrorReportValve.invoke(ErrorReportValve.java:92)
	at org.apache.catalina.core.StandardEngineValve.invoke(StandardEngineValve.java:74)
	at org.apache.catalina.connector.CoyoteAdapter.service(CoyoteAdapter.java:343)
	at org.apache.coyote.http11.Http11Processor.service(Http11Processor.java:408)
	at org.apache.coyote.AbstractProcessorLight.process(AbstractProcessorLight.java:66)
	at org.apache.coyote.AbstractProtocol$ConnectionHandler.process(AbstractProtocol.java:834)
	at org.apache.tomcat.util.net.NioEndpoint$SocketProcessor.doRun(NioEndpoint.java:1415)
	at org.apache.tomcat.util.net.SocketProcessorBase.run(SocketProcessorBase.java:49)
	at java.util.concurrent.ThreadPoolExecutor.runWorker(ThreadPoolExecutor.java:1149)
	at java.util.concurrent.ThreadPoolExecutor$Worker.run(ThreadPoolExecutor.java:624)
	at org.apache.tomcat.util.threads.TaskThread$WrappingRunnable.run(TaskThread.java:61)
	at java.lang.Thread.run(Thread.java:748)
2022-01-05 09:55:59.095 INFO  [main] com.Important.WebApplication : Starting WebApplication on LAPTOP-VJMOVH20 with PID 13600 (D:\OnlineSalesProject\ImportantProject\target\classes started by 你就是下一个大佬 in D:\OnlineSalesProject\ImportantProject)
2022-01-05 09:55:59.097 INFO  [main] com.Important.WebApplication : The following profiles are active: dev
2022-01-05 09:55:59.732 INFO  [main] o.s.d.r.config.RepositoryConfigurationDelegate : Multiple Spring Data modules found, entering strict repository configuration mode!
2022-01-05 09:55:59.734 INFO  [main] o.s.d.r.config.RepositoryConfigurationDelegate : Bootstrapping Spring Data repositories in DEFAULT mode.
2022-01-05 09:55:59.749 INFO  [main] o.s.d.r.config.RepositoryConfigurationDelegate : Finished Spring Data repository scanning in 7ms. Found 0 repository interfaces.
2022-01-05 09:55:59.811 WARN  [main] org.mybatis.spring.mapper.ClassPathMapperScanner : Skipping MapperFactoryBean with name 'fileEntityMapper' and 'com.Important.mapper.FileEntityMapper' mapperInterface. Bean already defined with the same name!
2022-01-05 09:55:59.811 WARN  [main] org.mybatis.spring.mapper.ClassPathMapperScanner : Skipping MapperFactoryBean with name 'userMapper' and 'com.Important.mapper.UserMapper' mapperInterface. Bean already defined with the same name!
2022-01-05 09:55:59.812 WARN  [main] org.mybatis.spring.mapper.ClassPathMapperScanner : No MyBatis mapper was found in '[com.Important.mapper]' package. Please check your configuration.
2022-01-05 09:55:59.932 INFO  [main] o.s.c.s.PostProcessorRegistrationDelegate$BeanPostProcessorChecker : Bean 'org.springframework.transaction.annotation.ProxyTransactionManagementConfiguration' of type [org.springframework.transaction.annotation.ProxyTransactionManagementConfiguration$$EnhancerBySpringCGLIB$$6a53607a] is not eligible for getting processed by all BeanPostProcessors (for example: not eligible for auto-proxying)
2022-01-05 09:56:00.135 INFO  [main] o.s.boot.web.embedded.tomcat.TomcatWebServer : Tomcat initialized with port(s): 8090 (http)
2022-01-05 09:56:00.144 INFO  [main] org.apache.coyote.http11.Http11NioProtocol : Initializing ProtocolHandler ["http-nio-8090"]
2022-01-05 09:56:00.150 INFO  [main] org.apache.catalina.core.StandardService : Starting service [Tomcat]
2022-01-05 09:56:00.150 INFO  [main] org.apache.catalina.core.StandardEngine : Starting Servlet engine: [Apache Tomcat/9.0.16]
2022-01-05 09:56:00.154 INFO  [main] org.apache.catalina.core.AprLifecycleListener : Loaded APR based Apache Tomcat Native library [1.2.25] using APR version [1.7.0].
2022-01-05 09:56:00.154 INFO  [main] org.apache.catalina.core.AprLifecycleListener : APR capabilities: IPv6 [true], sendfile [true], accept filters [false], random [true].
2022-01-05 09:56:00.155 INFO  [main] org.apache.catalina.core.AprLifecycleListener : APR/OpenSSL configuration: useAprConnector [false], useOpenSSL [true]
2022-01-05 09:56:00.157 INFO  [main] org.apache.catalina.core.AprLifecycleListener : OpenSSL successfully initialized [OpenSSL 1.1.1g  21 Apr 2020]
2022-01-05 09:56:00.244 INFO  [main] o.a.c.c.C.[Tomcat].[localhost].[/ImportanProject] : Initializing Spring embedded WebApplicationContext
2022-01-05 09:56:00.244 INFO  [main] org.springframework.web.context.ContextLoader : Root WebApplicationContext: initialization completed in 1082 ms
2022-01-05 09:56:01.037 INFO  [main] s.d.s.w.PropertySourcedRequestMappingHandlerMapping : Mapped URL path [/v2/api-docs] onto method [public org.springframework.http.ResponseEntity<springfox.documentation.spring.web.json.Json> springfox.documentation.swagger2.web.Swagger2Controller.getDocumentation(java.lang.String,javax.servlet.http.HttpServletRequest)]
2022-01-05 09:56:01.132 INFO  [main] o.s.scheduling.concurrent.ThreadPoolTaskExecutor : Initializing ExecutorService 'applicationTaskExecutor'
2022-01-05 09:56:01.357 INFO  [main] s.d.s.web.plugins.DocumentationPluginsBootstrapper : Context refreshed
2022-01-05 09:56:01.367 INFO  [main] s.d.s.web.plugins.DocumentationPluginsBootstrapper : Found 1 custom documentation plugin(s)
2022-01-05 09:56:01.389 INFO  [main] s.d.spring.web.scanners.ApiListingReferenceScanner : Scanning for api listing references
2022-01-05 09:56:01.500 INFO  [main] org.apache.coyote.http11.Http11NioProtocol : Starting ProtocolHandler ["http-nio-8090"]
2022-01-05 09:56:01.515 INFO  [main] o.s.boot.web.embedded.tomcat.TomcatWebServer : Tomcat started on port(s): 8090 (http) with context path '/ImportanProject'
2022-01-05 09:56:01.517 INFO  [main] com.Important.WebApplication : Started WebApplication in 2.821 seconds (JVM running for 3.474)
2022-01-05 09:56:06.045 INFO  [http-nio-8090-exec-1] o.a.c.c.C.[Tomcat].[localhost].[/ImportanProject] : Initializing Spring DispatcherServlet 'dispatcherServlet'
2022-01-05 09:56:06.045 INFO  [http-nio-8090-exec-1] org.springframework.web.servlet.DispatcherServlet : Initializing Servlet 'dispatcherServlet'
2022-01-05 09:56:06.050 INFO  [http-nio-8090-exec-1] org.springframework.web.servlet.DispatcherServlet : Completed initialization in 5 ms
2022-01-05 09:56:06.098 ERROR [http-nio-8090-exec-1] o.a.c.c.C.[.[.[.[dispatcherServlet] : Servlet.service() for servlet [dispatcherServlet] in context with path [/ImportanProject] threw exception [Request processing failed; nested exception is org.springframework.http.converter.HttpMessageConversionException: Type definition error: [simple type, class com.Important.dto.UserDto]; nested exception is com.fasterxml.jackson.databind.exc.InvalidDefinitionException: Cannot construct instance of `com.Important.dto.UserDto` (no Creators, like default construct, exist): cannot deserialize from Object value (no delegate- or property-based Creator)
 at [Source: (PushbackInputStream); line: 2, column: 2]] with root cause
com.fasterxml.jackson.databind.exc.InvalidDefinitionException: Cannot construct instance of `com.Important.dto.UserDto` (no Creators, like default construct, exist): cannot deserialize from Object value (no delegate- or property-based Creator)
 at [Source: (PushbackInputStream); line: 2, column: 2]
	at com.fasterxml.jackson.databind.exc.InvalidDefinitionException.from(InvalidDefinitionException.java:67)
	at com.fasterxml.jackson.databind.DeserializationContext.reportBadDefinition(DeserializationContext.java:1452)
	at com.fasterxml.jackson.databind.DeserializationContext.handleMissingInstantiator(DeserializationContext.java:1028)
	at com.fasterxml.jackson.databind.deser.BeanDeserializerBase.deserializeFromObjectUsingNonDefault(BeanDeserializerBase.java:1297)
	at com.fasterxml.jackson.databind.deser.BeanDeserializer.deserializeFromObject(BeanDeserializer.java:326)
	at com.fasterxml.jackson.databind.deser.BeanDeserializer.deserialize(BeanDeserializer.java:159)
	at com.fasterxml.jackson.databind.ObjectMapper._readMapAndClose(ObjectMapper.java:4013)
	at com.fasterxml.jackson.databind.ObjectMapper.readValue(ObjectMapper.java:3084)
	at org.springframework.http.converter.json.AbstractJackson2HttpMessageConverter.readJavaType(AbstractJackson2HttpMessageConverter.java:239)
	at org.springframework.http.converter.json.AbstractJackson2HttpMessageConverter.read(AbstractJackson2HttpMessageConverter.java:227)
	at org.springframework.web.servlet.mvc.method.annotation.AbstractMessageConverterMethodArgumentResolver.readWithMessageConverters(AbstractMessageConverterMethodArgumentResolver.java:204)
	at org.springframework.web.servlet.mvc.method.annotation.RequestResponseBodyMethodProcessor.readWithMessageConverters(RequestResponseBodyMethodProcessor.java:157)
	at org.springframework.web.servlet.mvc.method.annotation.RequestResponseBodyMethodProcessor.resolveArgument(RequestResponseBodyMethodProcessor.java:130)
	at org.springframework.web.method.support.HandlerMethodArgumentResolverComposite.resolveArgument(HandlerMethodArgumentResolverComposite.java:126)
	at org.springframework.web.method.support.InvocableHandlerMethod.getMethodArgumentValues(InvocableHandlerMethod.java:166)
	at org.springframework.web.method.support.InvocableHandlerMethod.invokeForRequest(InvocableHandlerMethod.java:134)
	at org.springframework.web.servlet.mvc.method.annotation.ServletInvocableHandlerMethod.invokeAndHandle(ServletInvocableHandlerMethod.java:102)
	at org.springframework.web.servlet.mvc.method.annotation.RequestMappingHandlerAdapter.invokeHandlerMethod(RequestMappingHandlerAdapter.java:895)
	at org.springframework.web.servlet.mvc.method.annotation.RequestMappingHandlerAdapter.handleInternal(RequestMappingHandlerAdapter.java:800)
	at org.springframework.web.servlet.mvc.method.AbstractHandlerMethodAdapter.handle(AbstractHandlerMethodAdapter.java:87)
	at org.springframework.web.servlet.DispatcherServlet.doDispatch(DispatcherServlet.java:1038)
	at org.springframework.web.servlet.DispatcherServlet.doService(DispatcherServlet.java:942)
	at org.springframework.web.servlet.FrameworkServlet.processRequest(FrameworkServlet.java:1005)
	at org.springframework.web.servlet.FrameworkServlet.doPost(FrameworkServlet.java:908)
	at javax.servlet.http.HttpServlet.service(HttpServlet.java:660)
	at org.springframework.web.servlet.FrameworkServlet.service(FrameworkServlet.java:882)
	at javax.servlet.http.HttpServlet.service(HttpServlet.java:741)
	at org.apache.catalina.core.ApplicationFilterChain.internalDoFilter(ApplicationFilterChain.java:231)
	at org.apache.catalina.core.ApplicationFilterChain.doFilter(ApplicationFilterChain.java:166)
	at org.apache.tomcat.websocket.server.WsFilter.doFilter(WsFilter.java:53)
	at org.apache.catalina.core.ApplicationFilterChain.internalDoFilter(ApplicationFilterChain.java:193)
	at org.apache.catalina.core.ApplicationFilterChain.doFilter(ApplicationFilterChain.java:166)
	at org.springframework.web.filter.RequestContextFilter.doFilterInternal(RequestContextFilter.java:99)
	at org.springframework.web.filter.OncePerRequestFilter.doFilter(OncePerRequestFilter.java:107)
	at org.apache.catalina.core.ApplicationFilterChain.internalDoFilter(ApplicationFilterChain.java:193)
	at org.apache.catalina.core.ApplicationFilterChain.doFilter(ApplicationFilterChain.java:166)
	at org.springframework.web.filter.FormContentFilter.doFilterInternal(FormContentFilter.java:92)
	at org.springframework.web.filter.OncePerRequestFilter.doFilter(OncePerRequestFilter.java:107)
	at org.apache.catalina.core.ApplicationFilterChain.internalDoFilter(ApplicationFilterChain.java:193)
	at org.apache.catalina.core.ApplicationFilterChain.doFilter(ApplicationFilterChain.java:166)
	at org.springframework.web.filter.HiddenHttpMethodFilter.doFilterInternal(HiddenHttpMethodFilter.java:93)
	at org.springframework.web.filter.OncePerRequestFilter.doFilter(OncePerRequestFilter.java:107)
	at org.apache.catalina.core.ApplicationFilterChain.internalDoFilter(ApplicationFilterChain.java:193)
	at org.apache.catalina.core.ApplicationFilterChain.doFilter(ApplicationFilterChain.java:166)
	at org.springframework.web.filter.CharacterEncodingFilter.doFilterInternal(CharacterEncodingFilter.java:200)
	at org.springframework.web.filter.OncePerRequestFilter.doFilter(OncePerRequestFilter.java:107)
	at org.apache.catalina.core.ApplicationFilterChain.internalDoFilter(ApplicationFilterChain.java:193)
	at org.apache.catalina.core.ApplicationFilterChain.doFilter(ApplicationFilterChain.java:166)
	at org.apache.catalina.core.StandardWrapperValve.invoke(StandardWrapperValve.java:200)
	at org.apache.catalina.core.StandardContextValve.invoke(StandardContextValve.java:96)
	at org.apache.catalina.authenticator.AuthenticatorBase.invoke(AuthenticatorBase.java:490)
	at org.apache.catalina.core.StandardHostValve.invoke(StandardHostValve.java:139)
	at org.apache.catalina.valves.ErrorReportValve.invoke(ErrorReportValve.java:92)
	at org.apache.catalina.core.StandardEngineValve.invoke(StandardEngineValve.java:74)
	at org.apache.catalina.connector.CoyoteAdapter.service(CoyoteAdapter.java:343)
	at org.apache.coyote.http11.Http11Processor.service(Http11Processor.java:408)
	at org.apache.coyote.AbstractProcessorLight.process(AbstractProcessorLight.java:66)
	at org.apache.coyote.AbstractProtocol$ConnectionHandler.process(AbstractProtocol.java:834)
	at org.apache.tomcat.util.net.NioEndpoint$SocketProcessor.doRun(NioEndpoint.java:1415)
	at org.apache.tomcat.util.net.SocketProcessorBase.run(SocketProcessorBase.java:49)
	at java.util.concurrent.ThreadPoolExecutor.runWorker(ThreadPoolExecutor.java:1149)
	at java.util.concurrent.ThreadPoolExecutor$Worker.run(ThreadPoolExecutor.java:624)
	at org.apache.tomcat.util.threads.TaskThread$WrappingRunnable.run(TaskThread.java:61)
	at java.lang.Thread.run(Thread.java:748)
2022-01-05 09:57:15.188 INFO  [main] com.Important.WebApplication : Starting WebApplication on LAPTOP-VJMOVH20 with PID 13772 (D:\OnlineSalesProject\ImportantProject\target\classes started by 你就是下一个大佬 in D:\OnlineSalesProject\ImportantProject)
2022-01-05 09:57:15.190 INFO  [main] com.Important.WebApplication : The following profiles are active: dev
2022-01-05 09:57:15.794 INFO  [main] o.s.d.r.config.RepositoryConfigurationDelegate : Multiple Spring Data modules found, entering strict repository configuration mode!
2022-01-05 09:57:15.795 INFO  [main] o.s.d.r.config.RepositoryConfigurationDelegate : Bootstrapping Spring Data repositories in DEFAULT mode.
2022-01-05 09:57:15.810 INFO  [main] o.s.d.r.config.RepositoryConfigurationDelegate : Finished Spring Data repository scanning in 7ms. Found 0 repository interfaces.
2022-01-05 09:57:15.873 WARN  [main] org.mybatis.spring.mapper.ClassPathMapperScanner : Skipping MapperFactoryBean with name 'fileEntityMapper' and 'com.Important.mapper.FileEntityMapper' mapperInterface. Bean already defined with the same name!
2022-01-05 09:57:15.873 WARN  [main] org.mybatis.spring.mapper.ClassPathMapperScanner : Skipping MapperFactoryBean with name 'userMapper' and 'com.Important.mapper.UserMapper' mapperInterface. Bean already defined with the same name!
2022-01-05 09:57:15.873 WARN  [main] org.mybatis.spring.mapper.ClassPathMapperScanner : No MyBatis mapper was found in '[com.Important.mapper]' package. Please check your configuration.
2022-01-05 09:57:16.000 INFO  [main] o.s.c.s.PostProcessorRegistrationDelegate$BeanPostProcessorChecker : Bean 'org.springframework.transaction.annotation.ProxyTransactionManagementConfiguration' of type [org.springframework.transaction.annotation.ProxyTransactionManagementConfiguration$$EnhancerBySpringCGLIB$$93024af] is not eligible for getting processed by all BeanPostProcessors (for example: not eligible for auto-proxying)
2022-01-05 09:57:16.206 INFO  [main] o.s.boot.web.embedded.tomcat.TomcatWebServer : Tomcat initialized with port(s): 8090 (http)
2022-01-05 09:57:16.216 INFO  [main] org.apache.coyote.http11.Http11NioProtocol : Initializing ProtocolHandler ["http-nio-8090"]
2022-01-05 09:57:16.222 INFO  [main] org.apache.catalina.core.StandardService : Starting service [Tomcat]
2022-01-05 09:57:16.222 INFO  [main] org.apache.catalina.core.StandardEngine : Starting Servlet engine: [Apache Tomcat/9.0.16]
2022-01-05 09:57:16.227 INFO  [main] org.apache.catalina.core.AprLifecycleListener : Loaded APR based Apache Tomcat Native library [1.2.25] using APR version [1.7.0].
2022-01-05 09:57:16.227 INFO  [main] org.apache.catalina.core.AprLifecycleListener : APR capabilities: IPv6 [true], sendfile [true], accept filters [false], random [true].
2022-01-05 09:57:16.227 INFO  [main] org.apache.catalina.core.AprLifecycleListener : APR/OpenSSL configuration: useAprConnector [false], useOpenSSL [true]
2022-01-05 09:57:16.229 INFO  [main] org.apache.catalina.core.AprLifecycleListener : OpenSSL successfully initialized [OpenSSL 1.1.1g  21 Apr 2020]
2022-01-05 09:57:16.321 INFO  [main] o.a.c.c.C.[Tomcat].[localhost].[/ImportanProject] : Initializing Spring embedded WebApplicationContext
2022-01-05 09:57:16.321 INFO  [main] org.springframework.web.context.ContextLoader : Root WebApplicationContext: initialization completed in 1070 ms
2022-01-05 09:57:17.118 INFO  [main] s.d.s.w.PropertySourcedRequestMappingHandlerMapping : Mapped URL path [/v2/api-docs] onto method [public org.springframework.http.ResponseEntity<springfox.documentation.spring.web.json.Json> springfox.documentation.swagger2.web.Swagger2Controller.getDocumentation(java.lang.String,javax.servlet.http.HttpServletRequest)]
2022-01-05 09:57:17.212 INFO  [main] o.s.scheduling.concurrent.ThreadPoolTaskExecutor : Initializing ExecutorService 'applicationTaskExecutor'
2022-01-05 09:57:17.442 INFO  [main] s.d.s.web.plugins.DocumentationPluginsBootstrapper : Context refreshed
2022-01-05 09:57:17.453 INFO  [main] s.d.s.web.plugins.DocumentationPluginsBootstrapper : Found 1 custom documentation plugin(s)
2022-01-05 09:57:17.478 INFO  [main] s.d.spring.web.scanners.ApiListingReferenceScanner : Scanning for api listing references
2022-01-05 09:57:17.593 INFO  [main] org.apache.coyote.http11.Http11NioProtocol : Starting ProtocolHandler ["http-nio-8090"]
2022-01-05 09:57:17.608 INFO  [main] o.s.boot.web.embedded.tomcat.TomcatWebServer : Tomcat started on port(s): 8090 (http) with context path '/ImportanProject'
2022-01-05 09:57:17.610 INFO  [main] com.Important.WebApplication : Started WebApplication in 2.813 seconds (JVM running for 3.446)
2022-01-05 09:57:22.296 INFO  [http-nio-8090-exec-1] o.a.c.c.C.[Tomcat].[localhost].[/ImportanProject] : Initializing Spring DispatcherServlet 'dispatcherServlet'
2022-01-05 09:57:22.297 INFO  [http-nio-8090-exec-1] org.springframework.web.servlet.DispatcherServlet : Initializing Servlet 'dispatcherServlet'
2022-01-05 09:57:22.302 INFO  [http-nio-8090-exec-1] org.springframework.web.servlet.DispatcherServlet : Completed initialization in 5 ms
2022-01-05 09:57:22.348 WARN  [http-nio-8090-exec-1] o.s.w.s.m.support.DefaultHandlerExceptionResolver : Resolved [org.springframework.http.converter.HttpMessageNotReadableException: JSON parse error: Cannot deserialize value of type `com.Important.enums.UserType` from String "": value not one of declared Enum instance names: [STUDENT, COMPANY, ADMIN]; nested exception is com.fasterxml.jackson.databind.exc.InvalidFormatException: Cannot deserialize value of type `com.Important.enums.UserType` from String "": value not one of declared Enum instance names: [STUDENT, COMPANY, ADMIN]
 at [Source: (PushbackInputStream); line: 6, column: 14] (through reference chain: com.Important.dto.UserDto["userType"])]
2022-01-05 10:04:02.408 INFO  [main] com.Important.WebApplication : Starting WebApplication on LAPTOP-VJMOVH20 with PID 6760 (D:\OnlineSalesProject\ImportantProject\target\classes started by 你就是下一个大佬 in D:\OnlineSalesProject\ImportantProject)
2022-01-05 10:04:02.410 INFO  [main] com.Important.WebApplication : The following profiles are active: dev
2022-01-05 10:04:03.008 INFO  [main] o.s.d.r.config.RepositoryConfigurationDelegate : Multiple Spring Data modules found, entering strict repository configuration mode!
2022-01-05 10:04:03.010 INFO  [main] o.s.d.r.config.RepositoryConfigurationDelegate : Bootstrapping Spring Data repositories in DEFAULT mode.
2022-01-05 10:04:03.026 INFO  [main] o.s.d.r.config.RepositoryConfigurationDelegate : Finished Spring Data repository scanning in 8ms. Found 0 repository interfaces.
2022-01-05 10:04:03.092 WARN  [main] org.mybatis.spring.mapper.ClassPathMapperScanner : Skipping MapperFactoryBean with name 'fileEntityMapper' and 'com.Important.mapper.FileEntityMapper' mapperInterface. Bean already defined with the same name!
2022-01-05 10:04:03.092 WARN  [main] org.mybatis.spring.mapper.ClassPathMapperScanner : Skipping MapperFactoryBean with name 'userMapper' and 'com.Important.mapper.UserMapper' mapperInterface. Bean already defined with the same name!
2022-01-05 10:04:03.092 WARN  [main] org.mybatis.spring.mapper.ClassPathMapperScanner : No MyBatis mapper was found in '[com.Important.mapper]' package. Please check your configuration.
2022-01-05 10:04:03.209 INFO  [main] o.s.c.s.PostProcessorRegistrationDelegate$BeanPostProcessorChecker : Bean 'org.springframework.transaction.annotation.ProxyTransactionManagementConfiguration' of type [org.springframework.transaction.annotation.ProxyTransactionManagementConfiguration$$EnhancerBySpringCGLIB$$d1828ea2] is not eligible for getting processed by all BeanPostProcessors (for example: not eligible for auto-proxying)
2022-01-05 10:04:03.410 INFO  [main] o.s.boot.web.embedded.tomcat.TomcatWebServer : Tomcat initialized with port(s): 8090 (http)
2022-01-05 10:04:03.419 INFO  [main] org.apache.coyote.http11.Http11NioProtocol : Initializing ProtocolHandler ["http-nio-8090"]
2022-01-05 10:04:03.424 INFO  [main] org.apache.catalina.core.StandardService : Starting service [Tomcat]
2022-01-05 10:04:03.425 INFO  [main] org.apache.catalina.core.StandardEngine : Starting Servlet engine: [Apache Tomcat/9.0.16]
2022-01-05 10:04:03.429 INFO  [main] org.apache.catalina.core.AprLifecycleListener : Loaded APR based Apache Tomcat Native library [1.2.25] using APR version [1.7.0].
2022-01-05 10:04:03.430 INFO  [main] org.apache.catalina.core.AprLifecycleListener : APR capabilities: IPv6 [true], sendfile [true], accept filters [false], random [true].
2022-01-05 10:04:03.430 INFO  [main] org.apache.catalina.core.AprLifecycleListener : APR/OpenSSL configuration: useAprConnector [false], useOpenSSL [true]
2022-01-05 10:04:03.432 INFO  [main] org.apache.catalina.core.AprLifecycleListener : OpenSSL successfully initialized [OpenSSL 1.1.1g  21 Apr 2020]
2022-01-05 10:04:03.523 INFO  [main] o.a.c.c.C.[Tomcat].[localhost].[/ImportanProject] : Initializing Spring embedded WebApplicationContext
2022-01-05 10:04:03.523 INFO  [main] org.springframework.web.context.ContextLoader : Root WebApplicationContext: initialization completed in 1049 ms
2022-01-05 10:04:04.304 INFO  [main] s.d.s.w.PropertySourcedRequestMappingHandlerMapping : Mapped URL path [/v2/api-docs] onto method [public org.springframework.http.ResponseEntity<springfox.documentation.spring.web.json.Json> springfox.documentation.swagger2.web.Swagger2Controller.getDocumentation(java.lang.String,javax.servlet.http.HttpServletRequest)]
2022-01-05 10:04:04.398 INFO  [main] o.s.scheduling.concurrent.ThreadPoolTaskExecutor : Initializing ExecutorService 'applicationTaskExecutor'
2022-01-05 10:04:04.627 INFO  [main] s.d.s.web.plugins.DocumentationPluginsBootstrapper : Context refreshed
2022-01-05 10:04:04.638 INFO  [main] s.d.s.web.plugins.DocumentationPluginsBootstrapper : Found 1 custom documentation plugin(s)
2022-01-05 10:04:04.659 INFO  [main] s.d.spring.web.scanners.ApiListingReferenceScanner : Scanning for api listing references
2022-01-05 10:04:04.763 INFO  [main] org.apache.coyote.http11.Http11NioProtocol : Starting ProtocolHandler ["http-nio-8090"]
2022-01-05 10:04:04.778 INFO  [main] o.s.boot.web.embedded.tomcat.TomcatWebServer : Tomcat started on port(s): 8090 (http) with context path '/ImportanProject'
2022-01-05 10:04:04.780 INFO  [main] com.Important.WebApplication : Started WebApplication in 2.77 seconds (JVM running for 3.424)
2022-01-05 10:04:12.019 INFO  [http-nio-8090-exec-1] o.a.c.c.C.[Tomcat].[localhost].[/ImportanProject] : Initializing Spring DispatcherServlet 'dispatcherServlet'
2022-01-05 10:04:12.019 INFO  [http-nio-8090-exec-1] org.springframework.web.servlet.DispatcherServlet : Initializing Servlet 'dispatcherServlet'
2022-01-05 10:04:12.024 INFO  [http-nio-8090-exec-1] org.springframework.web.servlet.DispatcherServlet : Completed initialization in 5 ms
2022-01-05 10:04:12.122 WARN  [http-nio-8090-exec-1] o.s.w.s.m.support.DefaultHandlerExceptionResolver : Resolved [org.springframework.web.bind.MethodArgumentNotValidException: Validation failed for argument [0] in public com.Important.vo.ResultVO<org.apache.poi.ss.formula.functions.T> com.Important.controller.UserController.userRegistration(com.Important.dto.UserDto) with 6 errors: [Field error in object 'userDto' on field 'telephone': rejected value []; codes [NotEmpty.userDto.telephone,NotEmpty.telephone,NotEmpty.java.lang.String,NotEmpty]; arguments [org.springframework.context.support.DefaultMessageSourceResolvable: codes [userDto.telephone,telephone]; arguments []; default message [telephone]]; default message [电话号码，不能空字符]] [Field error in object 'userDto' on field 'pawword': rejected value []; codes [NotEmpty.userDto.pawword,NotEmpty.pawword,NotEmpty.java.lang.String,NotEmpty]; arguments [org.springframework.context.support.DefaultMessageSourceResolvable: codes [userDto.pawword,pawword]; arguments []; default message [pawword]]; default message [密码，不能空字符]] [Field error in object 'userDto' on field 'url': rejected value []; codes [NotEmpty.userDto.url,NotEmpty.url,NotEmpty.java.lang.String,NotEmpty]; arguments [org.springframework.context.support.DefaultMessageSourceResolvable: codes [userDto.url,url]; arguments []; default message [url]]; default message [请选择头像]] [Field error in object 'userDto' on field 'userType': rejected value [null]; codes [NotNull.userDto.userType,NotNull.userType,NotNull.java.lang.Integer,NotNull]; arguments [org.springframework.context.support.DefaultMessageSourceResolvable: codes [userDto.userType,userType]; arguments []; default message [userType]]; default message [请选择注册类型]] [Field error in object 'userDto' on field 'verificationCode': rejected value []; codes [NotEmpty.userDto.verificationCode,NotEmpty.verificationCode,NotEmpty.java.lang.String,NotEmpty]; arguments [org.springframework.context.support.DefaultMessageSourceResolvable: codes [userDto.verificationCode,verificationCode]; arguments []; default message [verificationCode]]; default message [验证码，不能空字符]] [Field error in object 'userDto' on field 'userName': rejected value []; codes [NotEmpty.userDto.userName,NotEmpty.userName,NotEmpty.java.lang.String,NotEmpty]; arguments [org.springframework.context.support.DefaultMessageSourceResolvable: codes [userDto.userName,userName]; arguments []; default message [userName]]; default message [用户名，不能空字符]] ]
2022-01-05 10:04:43.729 INFO  [main] com.Important.WebApplication : Starting WebApplication on LAPTOP-VJMOVH20 with PID 3052 (D:\OnlineSalesProject\ImportantProject\target\classes started by 你就是下一个大佬 in D:\OnlineSalesProject\ImportantProject)
2022-01-05 10:04:43.731 INFO  [main] com.Important.WebApplication : The following profiles are active: dev
2022-01-05 10:04:44.320 INFO  [main] o.s.d.r.config.RepositoryConfigurationDelegate : Multiple Spring Data modules found, entering strict repository configuration mode!
2022-01-05 10:04:44.322 INFO  [main] o.s.d.r.config.RepositoryConfigurationDelegate : Bootstrapping Spring Data repositories in DEFAULT mode.
2022-01-05 10:04:44.337 INFO  [main] o.s.d.r.config.RepositoryConfigurationDelegate : Finished Spring Data repository scanning in 8ms. Found 0 repository interfaces.
2022-01-05 10:04:44.399 WARN  [main] org.mybatis.spring.mapper.ClassPathMapperScanner : Skipping MapperFactoryBean with name 'fileEntityMapper' and 'com.Important.mapper.FileEntityMapper' mapperInterface. Bean already defined with the same name!
2022-01-05 10:04:44.399 WARN  [main] org.mybatis.spring.mapper.ClassPathMapperScanner : Skipping MapperFactoryBean with name 'userMapper' and 'com.Important.mapper.UserMapper' mapperInterface. Bean already defined with the same name!
2022-01-05 10:04:44.399 WARN  [main] org.mybatis.spring.mapper.ClassPathMapperScanner : No MyBatis mapper was found in '[com.Important.mapper]' package. Please check your configuration.
2022-01-05 10:04:44.518 INFO  [main] o.s.c.s.PostProcessorRegistrationDelegate$BeanPostProcessorChecker : Bean 'org.springframework.transaction.annotation.ProxyTransactionManagementConfiguration' of type [org.springframework.transaction.annotation.ProxyTransactionManagementConfiguration$$EnhancerBySpringCGLIB$$b91167d6] is not eligible for getting processed by all BeanPostProcessors (for example: not eligible for auto-proxying)
2022-01-05 10:04:44.715 INFO  [main] o.s.boot.web.embedded.tomcat.TomcatWebServer : Tomcat initialized with port(s): 8090 (http)
2022-01-05 10:04:44.724 INFO  [main] org.apache.coyote.http11.Http11NioProtocol : Initializing ProtocolHandler ["http-nio-8090"]
2022-01-05 10:04:44.730 INFO  [main] org.apache.catalina.core.StandardService : Starting service [Tomcat]
2022-01-05 10:04:44.730 INFO  [main] org.apache.catalina.core.StandardEngine : Starting Servlet engine: [Apache Tomcat/9.0.16]
2022-01-05 10:04:44.734 INFO  [main] org.apache.catalina.core.AprLifecycleListener : Loaded APR based Apache Tomcat Native library [1.2.25] using APR version [1.7.0].
2022-01-05 10:04:44.735 INFO  [main] org.apache.catalina.core.AprLifecycleListener : APR capabilities: IPv6 [true], sendfile [true], accept filters [false], random [true].
2022-01-05 10:04:44.735 INFO  [main] org.apache.catalina.core.AprLifecycleListener : APR/OpenSSL configuration: useAprConnector [false], useOpenSSL [true]
2022-01-05 10:04:44.737 INFO  [main] org.apache.catalina.core.AprLifecycleListener : OpenSSL successfully initialized [OpenSSL 1.1.1g  21 Apr 2020]
2022-01-05 10:04:44.826 INFO  [main] o.a.c.c.C.[Tomcat].[localhost].[/ImportanProject] : Initializing Spring embedded WebApplicationContext
2022-01-05 10:04:44.827 INFO  [main] org.springframework.web.context.ContextLoader : Root WebApplicationContext: initialization completed in 1037 ms
2022-01-05 10:04:45.606 INFO  [main] s.d.s.w.PropertySourcedRequestMappingHandlerMapping : Mapped URL path [/v2/api-docs] onto method [public org.springframework.http.ResponseEntity<springfox.documentation.spring.web.json.Json> springfox.documentation.swagger2.web.Swagger2Controller.getDocumentation(java.lang.String,javax.servlet.http.HttpServletRequest)]
2022-01-05 10:04:45.702 INFO  [main] o.s.scheduling.concurrent.ThreadPoolTaskExecutor : Initializing ExecutorService 'applicationTaskExecutor'
2022-01-05 10:04:45.929 INFO  [main] s.d.s.web.plugins.DocumentationPluginsBootstrapper : Context refreshed
2022-01-05 10:04:45.940 INFO  [main] s.d.s.web.plugins.DocumentationPluginsBootstrapper : Found 1 custom documentation plugin(s)
2022-01-05 10:04:45.962 INFO  [main] s.d.spring.web.scanners.ApiListingReferenceScanner : Scanning for api listing references
2022-01-05 10:04:46.065 INFO  [main] org.apache.coyote.http11.Http11NioProtocol : Starting ProtocolHandler ["http-nio-8090"]
2022-01-05 10:04:46.079 INFO  [main] o.s.boot.web.embedded.tomcat.TomcatWebServer : Tomcat started on port(s): 8090 (http) with context path '/ImportanProject'
2022-01-05 10:04:46.081 INFO  [main] com.Important.WebApplication : Started WebApplication in 2.754 seconds (JVM running for 3.39)
2022-01-05 10:04:56.895 INFO  [http-nio-8090-exec-1] o.a.c.c.C.[Tomcat].[localhost].[/ImportanProject] : Initializing Spring DispatcherServlet 'dispatcherServlet'
2022-01-05 10:04:56.896 INFO  [http-nio-8090-exec-1] org.springframework.web.servlet.DispatcherServlet : Initializing Servlet 'dispatcherServlet'
2022-01-05 10:04:56.900 INFO  [http-nio-8090-exec-1] org.springframework.web.servlet.DispatcherServlet : Completed initialization in 4 ms
2022-01-05 10:04:56.996 WARN  [http-nio-8090-exec-1] o.s.w.s.m.support.DefaultHandlerExceptionResolver : Resolved [org.springframework.web.bind.MethodArgumentNotValidException: Validation failed for argument [0] in public com.Important.vo.ResultVO<org.apache.poi.ss.formula.functions.T> com.Important.controller.UserController.userRegistration(com.Important.dto.UserDto) with 5 errors: [Field error in object 'userDto' on field 'verificationCode': rejected value []; codes [NotEmpty.userDto.verificationCode,NotEmpty.verificationCode,NotEmpty.java.lang.String,NotEmpty]; arguments [org.springframework.context.support.DefaultMessageSourceResolvable: codes [userDto.verificationCode,verificationCode]; arguments []; default message [verificationCode]]; default message [验证码，不能空字符]] [Field error in object 'userDto' on field 'pawword': rejected value []; codes [NotEmpty.userDto.pawword,NotEmpty.pawword,NotEmpty.java.lang.String,NotEmpty]; arguments [org.springframework.context.support.DefaultMessageSourceResolvable: codes [userDto.pawword,pawword]; arguments []; default message [pawword]]; default message [密码，不能空字符]] [Field error in object 'userDto' on field 'userType': rejected value [null]; codes [NotNull.userDto.userType,NotNull.userType,NotNull.java.lang.Integer,NotNull]; arguments [org.springframework.context.support.DefaultMessageSourceResolvable: codes [userDto.userType,userType]; arguments []; default message [userType]]; default message [请选择注册类型]] [Field error in object 'userDto' on field 'userName': rejected value []; codes [NotEmpty.userDto.userName,NotEmpty.userName,NotEmpty.java.lang.String,NotEmpty]; arguments [org.springframework.context.support.DefaultMessageSourceResolvable: codes [userDto.userName,userName]; arguments []; default message [userName]]; default message [用户名，不能空字符]] [Field error in object 'userDto' on field 'telephone': rejected value []; codes [NotEmpty.userDto.telephone,NotEmpty.telephone,NotEmpty.java.lang.String,NotEmpty]; arguments [org.springframework.context.support.DefaultMessageSourceResolvable: codes [userDto.telephone,telephone]; arguments []; default message [telephone]]; default message [电话号码，不能空字符]] ]
2022-01-05 10:05:44.532 ERROR [http-nio-8090-exec-2] com.Important.utils.ExceptionControllerAdvice : 验证码不正确
com.Important.utils.ExceptionResult: 验证码不正确
	at com.Important.controller.UserController.userRegistration(UserController.java:76)
	at sun.reflect.NativeMethodAccessorImpl.invoke0(Native Method)
	at sun.reflect.NativeMethodAccessorImpl.invoke(NativeMethodAccessorImpl.java:62)
	at sun.reflect.DelegatingMethodAccessorImpl.invoke(DelegatingMethodAccessorImpl.java:43)
	at java.lang.reflect.Method.invoke(Method.java:498)
	at org.springframework.web.method.support.InvocableHandlerMethod.doInvoke(InvocableHandlerMethod.java:189)
	at org.springframework.web.method.support.InvocableHandlerMethod.invokeForRequest(InvocableHandlerMethod.java:138)
	at org.springframework.web.servlet.mvc.method.annotation.ServletInvocableHandlerMethod.invokeAndHandle(ServletInvocableHandlerMethod.java:102)
	at org.springframework.web.servlet.mvc.method.annotation.RequestMappingHandlerAdapter.invokeHandlerMethod(RequestMappingHandlerAdapter.java:895)
	at org.springframework.web.servlet.mvc.method.annotation.RequestMappingHandlerAdapter.handleInternal(RequestMappingHandlerAdapter.java:800)
	at org.springframework.web.servlet.mvc.method.AbstractHandlerMethodAdapter.handle(AbstractHandlerMethodAdapter.java:87)
	at org.springframework.web.servlet.DispatcherServlet.doDispatch(DispatcherServlet.java:1038)
	at org.springframework.web.servlet.DispatcherServlet.doService(DispatcherServlet.java:942)
	at org.springframework.web.servlet.FrameworkServlet.processRequest(FrameworkServlet.java:1005)
	at org.springframework.web.servlet.FrameworkServlet.doPost(FrameworkServlet.java:908)
	at javax.servlet.http.HttpServlet.service(HttpServlet.java:660)
	at org.springframework.web.servlet.FrameworkServlet.service(FrameworkServlet.java:882)
	at javax.servlet.http.HttpServlet.service(HttpServlet.java:741)
	at org.apache.catalina.core.ApplicationFilterChain.internalDoFilter(ApplicationFilterChain.java:231)
	at org.apache.catalina.core.ApplicationFilterChain.doFilter(ApplicationFilterChain.java:166)
	at org.apache.tomcat.websocket.server.WsFilter.doFilter(WsFilter.java:53)
	at org.apache.catalina.core.ApplicationFilterChain.internalDoFilter(ApplicationFilterChain.java:193)
	at org.apache.catalina.core.ApplicationFilterChain.doFilter(ApplicationFilterChain.java:166)
	at org.springframework.web.filter.RequestContextFilter.doFilterInternal(RequestContextFilter.java:99)
	at org.springframework.web.filter.OncePerRequestFilter.doFilter(OncePerRequestFilter.java:107)
	at org.apache.catalina.core.ApplicationFilterChain.internalDoFilter(ApplicationFilterChain.java:193)
	at org.apache.catalina.core.ApplicationFilterChain.doFilter(ApplicationFilterChain.java:166)
	at org.springframework.web.filter.FormContentFilter.doFilterInternal(FormContentFilter.java:92)
	at org.springframework.web.filter.OncePerRequestFilter.doFilter(OncePerRequestFilter.java:107)
	at org.apache.catalina.core.ApplicationFilterChain.internalDoFilter(ApplicationFilterChain.java:193)
	at org.apache.catalina.core.ApplicationFilterChain.doFilter(ApplicationFilterChain.java:166)
	at org.springframework.web.filter.HiddenHttpMethodFilter.doFilterInternal(HiddenHttpMethodFilter.java:93)
	at org.springframework.web.filter.OncePerRequestFilter.doFilter(OncePerRequestFilter.java:107)
	at org.apache.catalina.core.ApplicationFilterChain.internalDoFilter(ApplicationFilterChain.java:193)
	at org.apache.catalina.core.ApplicationFilterChain.doFilter(ApplicationFilterChain.java:166)
	at org.springframework.web.filter.CharacterEncodingFilter.doFilterInternal(CharacterEncodingFilter.java:200)
	at org.springframework.web.filter.OncePerRequestFilter.doFilter(OncePerRequestFilter.java:107)
	at org.apache.catalina.core.ApplicationFilterChain.internalDoFilter(ApplicationFilterChain.java:193)
	at org.apache.catalina.core.ApplicationFilterChain.doFilter(ApplicationFilterChain.java:166)
	at org.apache.catalina.core.StandardWrapperValve.invoke(StandardWrapperValve.java:200)
	at org.apache.catalina.core.StandardContextValve.invoke(StandardContextValve.java:96)
	at org.apache.catalina.authenticator.AuthenticatorBase.invoke(AuthenticatorBase.java:490)
	at org.apache.catalina.core.StandardHostValve.invoke(StandardHostValve.java:139)
	at org.apache.catalina.valves.ErrorReportValve.invoke(ErrorReportValve.java:92)
	at org.apache.catalina.core.StandardEngineValve.invoke(StandardEngineValve.java:74)
	at org.apache.catalina.connector.CoyoteAdapter.service(CoyoteAdapter.java:343)
	at org.apache.coyote.http11.Http11Processor.service(Http11Processor.java:408)
	at org.apache.coyote.AbstractProcessorLight.process(AbstractProcessorLight.java:66)
	at org.apache.coyote.AbstractProtocol$ConnectionHandler.process(AbstractProtocol.java:834)
	at org.apache.tomcat.util.net.NioEndpoint$SocketProcessor.doRun(NioEndpoint.java:1415)
	at org.apache.tomcat.util.net.SocketProcessorBase.run(SocketProcessorBase.java:49)
	at java.util.concurrent.ThreadPoolExecutor.runWorker(ThreadPoolExecutor.java:1149)
	at java.util.concurrent.ThreadPoolExecutor$Worker.run(ThreadPoolExecutor.java:624)
	at org.apache.tomcat.util.threads.TaskThread$WrappingRunnable.run(TaskThread.java:61)
	at java.lang.Thread.run(Thread.java:748)
2022-01-05 10:06:30.014 WARN  [http-nio-8090-exec-4] com.zaxxer.hikari.HikariConfig : HikariPool-1 - idleTimeout is close to or more than maxLifetime, disabling it.
2022-01-05 10:06:30.014 INFO  [http-nio-8090-exec-4] com.zaxxer.hikari.HikariDataSource : HikariPool-1 - Starting...
2022-01-05 10:06:30.169 INFO  [http-nio-8090-exec-4] com.zaxxer.hikari.HikariDataSource : HikariPool-1 - Start completed.
2022-01-05 10:06:53.666 ERROR [http-nio-8090-exec-5] com.Important.utils.ExceptionControllerAdvice : 此号码号码已被注册
com.Important.utils.ExceptionResult: 此号码号码已被注册
	at com.Important.service.serviceImpl.UserServiceImpl.isUserTelephoneExist(UserServiceImpl.java:69)
	at com.Important.service.serviceImpl.UserServiceImpl.userRegistration(UserServiceImpl.java:47)
	at com.Important.controller.UserController.userRegistration(UserController.java:81)
	at sun.reflect.NativeMethodAccessorImpl.invoke0(Native Method)
	at sun.reflect.NativeMethodAccessorImpl.invoke(NativeMethodAccessorImpl.java:62)
	at sun.reflect.DelegatingMethodAccessorImpl.invoke(DelegatingMethodAccessorImpl.java:43)
	at java.lang.reflect.Method.invoke(Method.java:498)
	at org.springframework.web.method.support.InvocableHandlerMethod.doInvoke(InvocableHandlerMethod.java:189)
	at org.springframework.web.method.support.InvocableHandlerMethod.invokeForRequest(InvocableHandlerMethod.java:138)
	at org.springframework.web.servlet.mvc.method.annotation.ServletInvocableHandlerMethod.invokeAndHandle(ServletInvocableHandlerMethod.java:102)
	at org.springframework.web.servlet.mvc.method.annotation.RequestMappingHandlerAdapter.invokeHandlerMethod(RequestMappingHandlerAdapter.java:895)
	at org.springframework.web.servlet.mvc.method.annotation.RequestMappingHandlerAdapter.handleInternal(RequestMappingHandlerAdapter.java:800)
	at org.springframework.web.servlet.mvc.method.AbstractHandlerMethodAdapter.handle(AbstractHandlerMethodAdapter.java:87)
	at org.springframework.web.servlet.DispatcherServlet.doDispatch(DispatcherServlet.java:1038)
	at org.springframework.web.servlet.DispatcherServlet.doService(DispatcherServlet.java:942)
	at org.springframework.web.servlet.FrameworkServlet.processRequest(FrameworkServlet.java:1005)
	at org.springframework.web.servlet.FrameworkServlet.doPost(FrameworkServlet.java:908)
	at javax.servlet.http.HttpServlet.service(HttpServlet.java:660)
	at org.springframework.web.servlet.FrameworkServlet.service(FrameworkServlet.java:882)
	at javax.servlet.http.HttpServlet.service(HttpServlet.java:741)
	at org.apache.catalina.core.ApplicationFilterChain.internalDoFilter(ApplicationFilterChain.java:231)
	at org.apache.catalina.core.ApplicationFilterChain.doFilter(ApplicationFilterChain.java:166)
	at org.apache.tomcat.websocket.server.WsFilter.doFilter(WsFilter.java:53)
	at org.apache.catalina.core.ApplicationFilterChain.internalDoFilter(ApplicationFilterChain.java:193)
	at org.apache.catalina.core.ApplicationFilterChain.doFilter(ApplicationFilterChain.java:166)
	at org.springframework.web.filter.RequestContextFilter.doFilterInternal(RequestContextFilter.java:99)
	at org.springframework.web.filter.OncePerRequestFilter.doFilter(OncePerRequestFilter.java:107)
	at org.apache.catalina.core.ApplicationFilterChain.internalDoFilter(ApplicationFilterChain.java:193)
	at org.apache.catalina.core.ApplicationFilterChain.doFilter(ApplicationFilterChain.java:166)
	at org.springframework.web.filter.FormContentFilter.doFilterInternal(FormContentFilter.java:92)
	at org.springframework.web.filter.OncePerRequestFilter.doFilter(OncePerRequestFilter.java:107)
	at org.apache.catalina.core.ApplicationFilterChain.internalDoFilter(ApplicationFilterChain.java:193)
	at org.apache.catalina.core.ApplicationFilterChain.doFilter(ApplicationFilterChain.java:166)
	at org.springframework.web.filter.HiddenHttpMethodFilter.doFilterInternal(HiddenHttpMethodFilter.java:93)
	at org.springframework.web.filter.OncePerRequestFilter.doFilter(OncePerRequestFilter.java:107)
	at org.apache.catalina.core.ApplicationFilterChain.internalDoFilter(ApplicationFilterChain.java:193)
	at org.apache.catalina.core.ApplicationFilterChain.doFilter(ApplicationFilterChain.java:166)
	at org.springframework.web.filter.CharacterEncodingFilter.doFilterInternal(CharacterEncodingFilter.java:200)
	at org.springframework.web.filter.OncePerRequestFilter.doFilter(OncePerRequestFilter.java:107)
	at org.apache.catalina.core.ApplicationFilterChain.internalDoFilter(ApplicationFilterChain.java:193)
	at org.apache.catalina.core.ApplicationFilterChain.doFilter(ApplicationFilterChain.java:166)
	at org.apache.catalina.core.StandardWrapperValve.invoke(StandardWrapperValve.java:200)
	at org.apache.catalina.core.StandardContextValve.invoke(StandardContextValve.java:96)
	at org.apache.catalina.authenticator.AuthenticatorBase.invoke(AuthenticatorBase.java:490)
	at org.apache.catalina.core.StandardHostValve.invoke(StandardHostValve.java:139)
	at org.apache.catalina.valves.ErrorReportValve.invoke(ErrorReportValve.java:92)
	at org.apache.catalina.core.StandardEngineValve.invoke(StandardEngineValve.java:74)
	at org.apache.catalina.connector.CoyoteAdapter.service(CoyoteAdapter.java:343)
	at org.apache.coyote.http11.Http11Processor.service(Http11Processor.java:408)
	at org.apache.coyote.AbstractProcessorLight.process(AbstractProcessorLight.java:66)
	at org.apache.coyote.AbstractProtocol$ConnectionHandler.process(AbstractProtocol.java:834)
	at org.apache.tomcat.util.net.NioEndpoint$SocketProcessor.doRun(NioEndpoint.java:1415)
	at org.apache.tomcat.util.net.SocketProcessorBase.run(SocketProcessorBase.java:49)
	at java.util.concurrent.ThreadPoolExecutor.runWorker(ThreadPoolExecutor.java:1149)
	at java.util.concurrent.ThreadPoolExecutor$Worker.run(ThreadPoolExecutor.java:624)
	at org.apache.tomcat.util.threads.TaskThread$WrappingRunnable.run(TaskThread.java:61)
	at java.lang.Thread.run(Thread.java:748)
2022-01-05 10:06:58.681 ERROR [http-nio-8090-exec-6] com.Important.utils.ExceptionControllerAdvice : 请输入同一电话号码
com.Important.utils.ExceptionResult: 请输入同一电话号码
	at com.Important.controller.UserController.userRegistration(UserController.java:79)
	at sun.reflect.NativeMethodAccessorImpl.invoke0(Native Method)
	at sun.reflect.NativeMethodAccessorImpl.invoke(NativeMethodAccessorImpl.java:62)
	at sun.reflect.DelegatingMethodAccessorImpl.invoke(DelegatingMethodAccessorImpl.java:43)
	at java.lang.reflect.Method.invoke(Method.java:498)
	at org.springframework.web.method.support.InvocableHandlerMethod.doInvoke(InvocableHandlerMethod.java:189)
	at org.springframework.web.method.support.InvocableHandlerMethod.invokeForRequest(InvocableHandlerMethod.java:138)
	at org.springframework.web.servlet.mvc.method.annotation.ServletInvocableHandlerMethod.invokeAndHandle(ServletInvocableHandlerMethod.java:102)
	at org.springframework.web.servlet.mvc.method.annotation.RequestMappingHandlerAdapter.invokeHandlerMethod(RequestMappingHandlerAdapter.java:895)
	at org.springframework.web.servlet.mvc.method.annotation.RequestMappingHandlerAdapter.handleInternal(RequestMappingHandlerAdapter.java:800)
	at org.springframework.web.servlet.mvc.method.AbstractHandlerMethodAdapter.handle(AbstractHandlerMethodAdapter.java:87)
	at org.springframework.web.servlet.DispatcherServlet.doDispatch(DispatcherServlet.java:1038)
	at org.springframework.web.servlet.DispatcherServlet.doService(DispatcherServlet.java:942)
	at org.springframework.web.servlet.FrameworkServlet.processRequest(FrameworkServlet.java:1005)
	at org.springframework.web.servlet.FrameworkServlet.doPost(FrameworkServlet.java:908)
	at javax.servlet.http.HttpServlet.service(HttpServlet.java:660)
	at org.springframework.web.servlet.FrameworkServlet.service(FrameworkServlet.java:882)
	at javax.servlet.http.HttpServlet.service(HttpServlet.java:741)
	at org.apache.catalina.core.ApplicationFilterChain.internalDoFilter(ApplicationFilterChain.java:231)
	at org.apache.catalina.core.ApplicationFilterChain.doFilter(ApplicationFilterChain.java:166)
	at org.apache.tomcat.websocket.server.WsFilter.doFilter(WsFilter.java:53)
	at org.apache.catalina.core.ApplicationFilterChain.internalDoFilter(ApplicationFilterChain.java:193)
	at org.apache.catalina.core.ApplicationFilterChain.doFilter(ApplicationFilterChain.java:166)
	at org.springframework.web.filter.RequestContextFilter.doFilterInternal(RequestContextFilter.java:99)
	at org.springframework.web.filter.OncePerRequestFilter.doFilter(OncePerRequestFilter.java:107)
	at org.apache.catalina.core.ApplicationFilterChain.internalDoFilter(ApplicationFilterChain.java:193)
	at org.apache.catalina.core.ApplicationFilterChain.doFilter(ApplicationFilterChain.java:166)
	at org.springframework.web.filter.FormContentFilter.doFilterInternal(FormContentFilter.java:92)
	at org.springframework.web.filter.OncePerRequestFilter.doFilter(OncePerRequestFilter.java:107)
	at org.apache.catalina.core.ApplicationFilterChain.internalDoFilter(ApplicationFilterChain.java:193)
	at org.apache.catalina.core.ApplicationFilterChain.doFilter(ApplicationFilterChain.java:166)
	at org.springframework.web.filter.HiddenHttpMethodFilter.doFilterInternal(HiddenHttpMethodFilter.java:93)
	at org.springframework.web.filter.OncePerRequestFilter.doFilter(OncePerRequestFilter.java:107)
	at org.apache.catalina.core.ApplicationFilterChain.internalDoFilter(ApplicationFilterChain.java:193)
	at org.apache.catalina.core.ApplicationFilterChain.doFilter(ApplicationFilterChain.java:166)
	at org.springframework.web.filter.CharacterEncodingFilter.doFilterInternal(CharacterEncodingFilter.java:200)
	at org.springframework.web.filter.OncePerRequestFilter.doFilter(OncePerRequestFilter.java:107)
	at org.apache.catalina.core.ApplicationFilterChain.internalDoFilter(ApplicationFilterChain.java:193)
	at org.apache.catalina.core.ApplicationFilterChain.doFilter(ApplicationFilterChain.java:166)
	at org.apache.catalina.core.StandardWrapperValve.invoke(StandardWrapperValve.java:200)
	at org.apache.catalina.core.StandardContextValve.invoke(StandardContextValve.java:96)
	at org.apache.catalina.authenticator.AuthenticatorBase.invoke(AuthenticatorBase.java:490)
	at org.apache.catalina.core.StandardHostValve.invoke(StandardHostValve.java:139)
	at org.apache.catalina.valves.ErrorReportValve.invoke(ErrorReportValve.java:92)
	at org.apache.catalina.core.StandardEngineValve.invoke(StandardEngineValve.java:74)
	at org.apache.catalina.connector.CoyoteAdapter.service(CoyoteAdapter.java:343)
	at org.apache.coyote.http11.Http11Processor.service(Http11Processor.java:408)
	at org.apache.coyote.AbstractProcessorLight.process(AbstractProcessorLight.java:66)
	at org.apache.coyote.AbstractProtocol$ConnectionHandler.process(AbstractProtocol.java:834)
	at org.apache.tomcat.util.net.NioEndpoint$SocketProcessor.doRun(NioEndpoint.java:1415)
	at org.apache.tomcat.util.net.SocketProcessorBase.run(SocketProcessorBase.java:49)
	at java.util.concurrent.ThreadPoolExecutor.runWorker(ThreadPoolExecutor.java:1149)
	at java.util.concurrent.ThreadPoolExecutor$Worker.run(ThreadPoolExecutor.java:624)
	at org.apache.tomcat.util.threads.TaskThread$WrappingRunnable.run(TaskThread.java:61)
	at java.lang.Thread.run(Thread.java:748)
